Using pre-set license
Built from '2020.3/staging' branch; Version is '2020.3.5f1 (8095aa901b9b) revision 8426922'; Using compiler version '192528614'; Build Type 'Release'
OS: 'Windows 10 Home Single Language; OS build 19042.1237; Version 2009; 64bit' Language: 'pt' Physical Memory: 12167 MB
BatchMode: 1, IsHumanControllingUs: 0, StartBugReporterOnCrash: 0, Is64bit: 1, IsPro: 0

 COMMAND LINE ARGUMENTS:
D:\2020.3.5f1\Editor\Unity.exe
-adb2
-batchMode
-noUpm
-name
AssetImportWorker0
-projectPath
C:/Unity Games/ld49
-logFile
Logs/AssetImportWorker0.log
-srvPort
62202
Successfully changed project path to: C:/Unity Games/ld49
C:/Unity Games/ld49
Using Asset Import Pipeline V2.
Refreshing native plugins compatible for Editor in 40.69 ms, found 1 plugins.
Preloading 0 native plugins for Editor in 0.00 ms.
Initialize engine version: 2020.3.5f1 (8095aa901b9b)
[Subsystems] Discovering subsystems at path D:/2020.3.5f1/Editor/Data/Resources/UnitySubsystems
[Subsystems] Discovering subsystems at path C:/Unity Games/ld49/Assets
GfxDevice: creating device client; threaded=0
Direct3D:
    Version:  Direct3D 11.0 [level 11.1]
    Renderer: Intel(R) UHD Graphics 620 (ID=0x3ea0)
    Vendor:   
    VRAM:     6083 MB
    Driver:   27.20.100.8729
Initialize mono
Mono path[0] = 'D:/2020.3.5f1/Editor/Data/Managed'
Mono path[1] = 'D:/2020.3.5f1/Editor/Data/MonoBleedingEdge/lib/mono/unityjit'
Mono config path = 'D:/2020.3.5f1/Editor/Data/MonoBleedingEdge/etc'
Using monoOptions --debugger-agent=transport=dt_socket,embedding=1,server=y,suspend=n,address=127.0.0.1:56076
Begin MonoManager ReloadAssembly
Registering precompiled unity dll's ...
Register platform support module: D:/2020.3.5f1/Editor/Data/PlaybackEngines/WindowsStandaloneSupport/UnityEditor.WindowsStandalone.Extensions.dll
Registered in 0.001000 seconds.
Native extension for WindowsStandalone target not found
Refreshing native plugins compatible for Editor in 38.74 ms, found 1 plugins.
Preloading 0 native plugins for Editor in 0.00 ms.
Mono: successfully reloaded assembly
- Completed reload, in  1.405 seconds
Platform modules already initialized, skipping
Registering precompiled user dll's ...
Registered in 0.002143 seconds.
Begin MonoManager ReloadAssembly
Native extension for WindowsStandalone target not found
Refreshing native plugins compatible for Editor in 46.50 ms, found 1 plugins.
Preloading 0 native plugins for Editor in 0.00 ms.
Mono: successfully reloaded assembly
- Completed reload, in  1.048 seconds
Platform modules already initialized, skipping
========================================================================
Worker process is ready to serve import requests
Launched and connected shader compiler UnityShaderCompiler.exe after 0.19 seconds
Refreshing native plugins compatible for Editor in 0.36 ms, found 1 plugins.
Preloading 0 native plugins for Editor in 0.00 ms.
Unloading 1808 Unused Serialized files (Serialized files now loaded: 0)
System memory in use before: 84.8 MB.
System memory in use after: 84.8 MB.

Unloading 24 unused Assets to reduce memory usage. Loaded Objects now: 2250.
Total: 2.637300 ms (FindLiveObjects: 0.273000 ms CreateObjectMapping: 0.103900 ms MarkObjects: 2.110500 ms  DeleteObjects: 0.148300 ms)

========================================================================
Received Import Request.
  path: Assets/Scripts
  artifactKey: Guid(c3d83a57c5281514782cd0a9668cca1c) Importer(815301076,1909f56bfc062723c751e8b465ee728b)
Start importing Assets/Scripts using Guid(c3d83a57c5281514782cd0a9668cca1c) Importer(815301076,1909f56bfc062723c751e8b465ee728b)  -> (artifact id: '24dec2dc646f824efcd855ae42f119e9') in 0.009518 seconds
  Import took 0.012434 seconds .

========================================================================
Received Import Request.
  Time since last request: 0.293932 seconds.
  path: Assets
  artifactKey: Guid(00000000000000001000000000000000) Importer(815301076,1909f56bfc062723c751e8b465ee728b)
Start importing Assets using Guid(00000000000000001000000000000000) Importer(815301076,1909f56bfc062723c751e8b465ee728b)  -> (artifact id: 'e4856052512617ee48189cf1d7999900') in 0.011216 seconds
  Import took 0.014573 seconds .

========================================================================
Received Import Request.
  Time since last request: 0.000855 seconds.
  path: Assets
  artifactKey: Guid(00000000000000001000000000000000) Importer(815301076,1909f56bfc062723c751e8b465ee728b)
Start importing Assets using Guid(00000000000000001000000000000000) Importer(815301076,1909f56bfc062723c751e8b465ee728b)  -> (artifact id: 'e4856052512617ee48189cf1d7999900') in 0.002730 seconds
  Import took 0.006798 seconds .

========================================================================
Received Import Request.
  Time since last request: 4.785969 seconds.
  path: Assets/Resources
  artifactKey: Guid(d1a14a4c5eb3bdd4089aa825f715d9fe) Importer(815301076,1909f56bfc062723c751e8b465ee728b)
Start importing Assets/Resources using Guid(d1a14a4c5eb3bdd4089aa825f715d9fe) Importer(815301076,1909f56bfc062723c751e8b465ee728b)  -> (artifact id: '4cbce268929280716b053c39ac4cab78') in 0.012641 seconds
  Import took 0.015559 seconds .

========================================================================
Received Import Request.
  Time since last request: 4.307980 seconds.
  path: Assets/Resources/Prerfabs
  artifactKey: Guid(b665a9dee0dd83943a18ac5fb2da6976) Importer(815301076,1909f56bfc062723c751e8b465ee728b)
Start importing Assets/Resources/Prerfabs using Guid(b665a9dee0dd83943a18ac5fb2da6976) Importer(815301076,1909f56bfc062723c751e8b465ee728b)  -> (artifact id: '0a6bbe863c6966dc862309d91e548aad') in 0.010991 seconds
  Import took 0.014210 seconds .

========================================================================
Received Import Request.
  Time since last request: 3.756571 seconds.
  path: Assets/Resources/Prefabs
  artifactKey: Guid(b665a9dee0dd83943a18ac5fb2da6976) Importer(815301076,1909f56bfc062723c751e8b465ee728b)
Start importing Assets/Resources/Prefabs using Guid(b665a9dee0dd83943a18ac5fb2da6976) Importer(815301076,1909f56bfc062723c751e8b465ee728b)  -> (artifact id: '15d86416f59a24b8fc2a3fbdf86c9a29') in 0.010003 seconds
  Import took 0.014227 seconds .

========================================================================
Received Import Request.
  Time since last request: 4.882137 seconds.
  path: Assets/Resources/Animations
  artifactKey: Guid(10e76d4791501d94fa58051a4ff38792) Importer(815301076,1909f56bfc062723c751e8b465ee728b)
Start importing Assets/Resources/Animations using Guid(10e76d4791501d94fa58051a4ff38792) Importer(815301076,1909f56bfc062723c751e8b465ee728b)  -> (artifact id: '0cac6ac69d1bbf4cc30d6c7a70a260a7') in 0.011755 seconds
  Import took 0.014662 seconds .

========================================================================
Received Import Request.
  Time since last request: 5.081855 seconds.
  path: Assets/Resources/UI
  artifactKey: Guid(3d37916096639104b969e21451cd59c9) Importer(815301076,1909f56bfc062723c751e8b465ee728b)
Start importing Assets/Resources/UI using Guid(3d37916096639104b969e21451cd59c9) Importer(815301076,1909f56bfc062723c751e8b465ee728b)  -> (artifact id: '4abecf34eb9eb2daadf47cec1344f829') in 0.010247 seconds
  Import took 0.013353 seconds .

========================================================================
Received Import Request.
  Time since last request: 5.224495 seconds.
  path: Assets/Resources/Sprites
  artifactKey: Guid(76fe8688b89fc144894383631c9d2f8f) Importer(815301076,1909f56bfc062723c751e8b465ee728b)
Start importing Assets/Resources/Sprites using Guid(76fe8688b89fc144894383631c9d2f8f) Importer(815301076,1909f56bfc062723c751e8b465ee728b)  -> (artifact id: 'd657793fb30b646b85990c1af6b3dccf') in 0.009616 seconds
  Import took 0.013632 seconds .

========================================================================
Received Import Request.
  Time since last request: 4.432530 seconds.
  path: Assets/Resources/Sprites/Player
  artifactKey: Guid(8bf0634008895ca40810537737a4d7ee) Importer(815301076,1909f56bfc062723c751e8b465ee728b)
Start importing Assets/Resources/Sprites/Player using Guid(8bf0634008895ca40810537737a4d7ee) Importer(815301076,1909f56bfc062723c751e8b465ee728b)  -> (artifact id: 'c5330ced2a15ccbf2826faaef625e22d') in 0.012017 seconds
  Import took 0.015775 seconds .

========================================================================
Received Import Request.
  Time since last request: 76.036074 seconds.
  path: Assets/Scripts/Controllers
  artifactKey: Guid(f87fbfdaebcaf3841a547793adff8e50) Importer(815301076,1909f56bfc062723c751e8b465ee728b)
Start importing Assets/Scripts/Controllers using Guid(f87fbfdaebcaf3841a547793adff8e50) Importer(815301076,1909f56bfc062723c751e8b465ee728b)  -> (artifact id: '373701ddcc52c3bcbd3d3d7d215b8b4c') in 0.011354 seconds
  Import took 0.014762 seconds .

========================================================================
Received Import Request.
  Time since last request: 7.532575 seconds.
  path: Assets/Scripts/Controllers/Engine.cs
  artifactKey: Guid(7d668f3188575ec41abd58278568e2be) Importer(815301076,1909f56bfc062723c751e8b465ee728b)
Start importing Assets/Scripts/Controllers/Engine.cs using Guid(7d668f3188575ec41abd58278568e2be) Importer(815301076,1909f56bfc062723c751e8b465ee728b)  -> (artifact id: '70b1e302f85444c43b027e6f072cb252') in 0.057596 seconds
  Import took 0.062160 seconds .

========================================================================
Received Prepare
Registering precompiled user dll's ...
Registered in 0.000946 seconds.
Begin MonoManager ReloadAssembly
Native extension for WindowsStandalone target not found
Refreshing native plugins compatible for Editor in 0.37 ms, found 1 plugins.
Preloading 0 native plugins for Editor in 0.00 ms.
Mono: successfully reloaded assembly
- Completed reload, in  0.870 seconds
Platform modules already initialized, skipping
Refreshing native plugins compatible for Editor in 0.41 ms, found 1 plugins.
Preloading 0 native plugins for Editor in 0.00 ms.
Unloading 1804 Unused Serialized files (Serialized files now loaded: 0)
System memory in use before: 84.8 MB.
System memory in use after: 84.8 MB.

Unloading 12 unused Assets to reduce memory usage. Loaded Objects now: 2255.
Total: 2.586200 ms (FindLiveObjects: 0.278400 ms CreateObjectMapping: 0.186000 ms MarkObjects: 1.991500 ms  DeleteObjects: 0.129100 ms)

========================================================================
Received Import Request.
  Time since last request: 7.876787 seconds.
  path: Assets/Scripts/Controllers/StateController.cs
  artifactKey: Guid(9176cbce6329386489d950490b3f3aec) Importer(815301076,1909f56bfc062723c751e8b465ee728b)
Start importing Assets/Scripts/Controllers/StateController.cs using Guid(9176cbce6329386489d950490b3f3aec) Importer(815301076,1909f56bfc062723c751e8b465ee728b)  -> (artifact id: '7db21ae2653bbebc889c5b989cffce85') in 0.013361 seconds
  Import took 0.016550 seconds .

========================================================================
Received Prepare
Registering precompiled user dll's ...
Registered in 0.001082 seconds.
Begin MonoManager ReloadAssembly
Native extension for WindowsStandalone target not found
Refreshing native plugins compatible for Editor in 0.34 ms, found 1 plugins.
Preloading 0 native plugins for Editor in 0.00 ms.
Mono: successfully reloaded assembly
- Completed reload, in  0.833 seconds
Platform modules already initialized, skipping
Refreshing native plugins compatible for Editor in 0.46 ms, found 1 plugins.
Preloading 0 native plugins for Editor in 0.00 ms.
Unloading 1805 Unused Serialized files (Serialized files now loaded: 0)
System memory in use before: 84.8 MB.
System memory in use after: 84.8 MB.

Unloading 12 unused Assets to reduce memory usage. Loaded Objects now: 2260.
Total: 3.839000 ms (FindLiveObjects: 0.251600 ms CreateObjectMapping: 0.085300 ms MarkObjects: 3.384100 ms  DeleteObjects: 0.117000 ms)

========================================================================
Received Import Request.
  Time since last request: 7.195669 seconds.
  path: Assets/Scenes
  artifactKey: Guid(452c9bc7744ccad44887442cf29d1bc1) Importer(815301076,1909f56bfc062723c751e8b465ee728b)
Start importing Assets/Scenes using Guid(452c9bc7744ccad44887442cf29d1bc1) Importer(815301076,1909f56bfc062723c751e8b465ee728b)  -> (artifact id: 'ed3272995ce117f2ba42c9fc24dc64c9') in 0.046871 seconds
  Import took 0.050310 seconds .

========================================================================
Received Import Request.
  Time since last request: 0.291040 seconds.
  path: Assets/Scenes/SampleScene.unity
  artifactKey: Guid(2cda990e2423bbf4892e6590ba056729) Importer(815301076,1909f56bfc062723c751e8b465ee728b)
Start importing Assets/Scenes/SampleScene.unity using Guid(2cda990e2423bbf4892e6590ba056729) Importer(815301076,1909f56bfc062723c751e8b465ee728b)  -> (artifact id: '5db6c5a27ce610e8eb13047cc6caff06') in 0.016313 seconds
  Import took 0.019802 seconds .

========================================================================
Received Import Request.
  Time since last request: 3.962124 seconds.
  path: Assets/Scenes/Game.unity
  artifactKey: Guid(2cda990e2423bbf4892e6590ba056729) Importer(815301076,1909f56bfc062723c751e8b465ee728b)
Start importing Assets/Scenes/Game.unity using Guid(2cda990e2423bbf4892e6590ba056729) Importer(815301076,1909f56bfc062723c751e8b465ee728b)  -> (artifact id: '7140afdc157aab8a1896c6e66b8cd730') in 0.010483 seconds
  Import took 0.013745 seconds .

========================================================================
Received Import Request.
  Time since last request: 0.000571 seconds.
  path: Assets/Scenes/Game.unity
  artifactKey: Guid(2cda990e2423bbf4892e6590ba056729) Importer(815301076,1909f56bfc062723c751e8b465ee728b)
Start importing Assets/Scenes/Game.unity using Guid(2cda990e2423bbf4892e6590ba056729) Importer(815301076,1909f56bfc062723c751e8b465ee728b)  -> (artifact id: '7140afdc157aab8a1896c6e66b8cd730') in 0.003503 seconds
  Import took 0.008294 seconds .

========================================================================
Received Import Request.
  Time since last request: 13.151448 seconds.
  path: Assets/Scripts/Player
  artifactKey: Guid(1a0d66a9f824fe74a935b81961cdc386) Importer(815301076,1909f56bfc062723c751e8b465ee728b)
Start importing Assets/Scripts/Player using Guid(1a0d66a9f824fe74a935b81961cdc386) Importer(815301076,1909f56bfc062723c751e8b465ee728b)  -> (artifact id: 'fd1f6a39294554fdd305b7fd0960e521') in 0.003901 seconds
  Import took 0.008081 seconds .

========================================================================
Received Import Request.
  Time since last request: 101.772184 seconds.
  path: Assets/Scenes/MainMenu.unity
  artifactKey: Guid(0c7a53b3f3720ea429f95419eb49c2ef) Importer(815301076,1909f56bfc062723c751e8b465ee728b)
Start importing Assets/Scenes/MainMenu.unity using Guid(0c7a53b3f3720ea429f95419eb49c2ef) Importer(815301076,1909f56bfc062723c751e8b465ee728b)  -> (artifact id: '1435e71e6c8f9ed66c0f3e85ebbdecbb') in 0.011244 seconds
  Import took 0.014488 seconds .

========================================================================
Received Import Request.
  Time since last request: 11.949294 seconds.
  path: Assets/Scenes/FirstScene.unity
  artifactKey: Guid(d47285de97fa25346b1f912244755825) Importer(815301076,1909f56bfc062723c751e8b465ee728b)
Start importing Assets/Scenes/FirstScene.unity using Guid(d47285de97fa25346b1f912244755825) Importer(815301076,1909f56bfc062723c751e8b465ee728b)  -> (artifact id: '9edf1d842c0ad69e8afe64d59e9571f4') in 0.015564 seconds
  Import took 0.021680 seconds .

========================================================================
Received Import Request.
  Time since last request: 2298.357721 seconds.
  path: Assets/Scripts/Player/Player.cs
  artifactKey: Guid(7b191c71c9b190e4e8c96c4fa8743ae8) Importer(815301076,1909f56bfc062723c751e8b465ee728b)
Start importing Assets/Scripts/Player/Player.cs using Guid(7b191c71c9b190e4e8c96c4fa8743ae8) Importer(815301076,1909f56bfc062723c751e8b465ee728b)  -> (artifact id: 'd6a44a19d6bf60478af56089c679b1cf') in 0.004393 seconds
  Import took 0.009274 seconds .

========================================================================
Received Prepare
Registering precompiled user dll's ...
Registered in 0.001275 seconds.
Begin MonoManager ReloadAssembly
Native extension for WindowsStandalone target not found
Refreshing native plugins compatible for Editor in 0.43 ms, found 1 plugins.
Preloading 0 native plugins for Editor in 0.00 ms.
Mono: successfully reloaded assembly
- Completed reload, in  1.378 seconds
Platform modules already initialized, skipping
Refreshing native plugins compatible for Editor in 0.42 ms, found 1 plugins.
Preloading 0 native plugins for Editor in 0.00 ms.
Unloading 1806 Unused Serialized files (Serialized files now loaded: 0)
System memory in use before: 84.9 MB.
System memory in use after: 84.9 MB.

Unloading 12 unused Assets to reduce memory usage. Loaded Objects now: 2265.
Total: 2.792300 ms (FindLiveObjects: 0.355500 ms CreateObjectMapping: 0.144400 ms MarkObjects: 2.161900 ms  DeleteObjects: 0.128900 ms)

========================================================================
Received Import Request.
  Time since last request: 21.202405 seconds.
  path: ProjectSettings/TagManager.asset
  artifactKey: Guid(00000000000000003000000000000000) Importer(815301076,1909f56bfc062723c751e8b465ee728b)
Start importing ProjectSettings/TagManager.asset using Guid(00000000000000003000000000000000) Importer(815301076,1909f56bfc062723c751e8b465ee728b)  -> (artifact id: '1c037ca2c5e51484f479ce63818a6327') in 0.061455 seconds
  Import took 0.066613 seconds .

========================================================================
Received Prepare
Registering precompiled user dll's ...
Registered in 0.001749 seconds.
Begin MonoManager ReloadAssembly
Native extension for WindowsStandalone target not found
Refreshing native plugins compatible for Editor in 0.47 ms, found 1 plugins.
Preloading 0 native plugins for Editor in 0.00 ms.
Mono: successfully reloaded assembly
- Completed reload, in  1.379 seconds
Platform modules already initialized, skipping
Refreshing native plugins compatible for Editor in 1.94 ms, found 1 plugins.
Preloading 0 native plugins for Editor in 0.00 ms.
Unloading 1806 Unused Serialized files (Serialized files now loaded: 0)
System memory in use before: 84.9 MB.
System memory in use after: 84.9 MB.

Unloading 13 unused Assets to reduce memory usage. Loaded Objects now: 2269.
Total: 4.952100 ms (FindLiveObjects: 0.443600 ms CreateObjectMapping: 0.177900 ms MarkObjects: 4.144700 ms  DeleteObjects: 0.184000 ms)

========================================================================
Received Prepare
Registering precompiled user dll's ...
Registered in 0.001902 seconds.
Begin MonoManager ReloadAssembly
Native extension for WindowsStandalone target not found
Refreshing native plugins compatible for Editor in 0.38 ms, found 1 plugins.
Preloading 0 native plugins for Editor in 0.00 ms.
Mono: successfully reloaded assembly
- Completed reload, in  1.273 seconds
Platform modules already initialized, skipping
Refreshing native plugins compatible for Editor in 0.39 ms, found 1 plugins.
Preloading 0 native plugins for Editor in 0.00 ms.
Unloading 1806 Unused Serialized files (Serialized files now loaded: 0)
System memory in use before: 85.0 MB.
System memory in use after: 84.9 MB.

Unloading 12 unused Assets to reduce memory usage. Loaded Objects now: 2273.
Total: 2.361600 ms (FindLiveObjects: 0.200200 ms CreateObjectMapping: 0.086100 ms MarkObjects: 1.957100 ms  DeleteObjects: 0.116900 ms)

========================================================================
Received Prepare
Registering precompiled user dll's ...
Registered in 0.001067 seconds.
Begin MonoManager ReloadAssembly
Native extension for WindowsStandalone target not found
Refreshing native plugins compatible for Editor in 0.41 ms, found 1 plugins.
Preloading 0 native plugins for Editor in 0.00 ms.
Mono: successfully reloaded assembly
- Completed reload, in  1.330 seconds
Platform modules already initialized, skipping
Refreshing native plugins compatible for Editor in 0.42 ms, found 1 plugins.
Preloading 0 native plugins for Editor in 0.00 ms.
Unloading 1806 Unused Serialized files (Serialized files now loaded: 0)
System memory in use before: 85.0 MB.
System memory in use after: 85.0 MB.

Unloading 12 unused Assets to reduce memory usage. Loaded Objects now: 2277.
Total: 3.348100 ms (FindLiveObjects: 0.693300 ms CreateObjectMapping: 0.137900 ms MarkObjects: 2.362000 ms  DeleteObjects: 0.152700 ms)

========================================================================
Received Prepare
Registering precompiled user dll's ...
Registered in 0.001583 seconds.
Begin MonoManager ReloadAssembly
Native extension for WindowsStandalone target not found
Refreshing native plugins compatible for Editor in 0.40 ms, found 1 plugins.
Preloading 0 native plugins for Editor in 0.00 ms.
Mono: successfully reloaded assembly
- Completed reload, in  1.248 seconds
Platform modules already initialized, skipping
Refreshing native plugins compatible for Editor in 0.38 ms, found 1 plugins.
Preloading 0 native plugins for Editor in 0.00 ms.
Unloading 1806 Unused Serialized files (Serialized files now loaded: 0)
System memory in use before: 85.0 MB.
System memory in use after: 85.0 MB.

Unloading 12 unused Assets to reduce memory usage. Loaded Objects now: 2281.
Total: 2.479100 ms (FindLiveObjects: 0.184800 ms CreateObjectMapping: 0.071900 ms MarkObjects: 2.091500 ms  DeleteObjects: 0.129600 ms)

========================================================================
Received Prepare
Registering precompiled user dll's ...
Registered in 0.001046 seconds.
Begin MonoManager ReloadAssembly
Native extension for WindowsStandalone target not found
Refreshing native plugins compatible for Editor in 0.37 ms, found 1 plugins.
Preloading 0 native plugins for Editor in 0.00 ms.
Mono: successfully reloaded assembly
- Completed reload, in  1.002 seconds
Platform modules already initialized, skipping
Refreshing native plugins compatible for Editor in 0.38 ms, found 1 plugins.
Preloading 0 native plugins for Editor in 0.00 ms.
Unloading 1806 Unused Serialized files (Serialized files now loaded: 0)
System memory in use before: 85.0 MB.
System memory in use after: 85.0 MB.

Unloading 12 unused Assets to reduce memory usage. Loaded Objects now: 2285.
Total: 2.435600 ms (FindLiveObjects: 0.180900 ms CreateObjectMapping: 0.070200 ms MarkObjects: 2.051400 ms  DeleteObjects: 0.131300 ms)

========================================================================
Received Prepare
Registering precompiled user dll's ...
Registered in 0.001197 seconds.
Begin MonoManager ReloadAssembly
Native extension for WindowsStandalone target not found
Refreshing native plugins compatible for Editor in 0.39 ms, found 1 plugins.
Preloading 0 native plugins for Editor in 0.00 ms.
Mono: successfully reloaded assembly
- Completed reload, in  1.139 seconds
Platform modules already initialized, skipping
Refreshing native plugins compatible for Editor in 0.48 ms, found 1 plugins.
Preloading 0 native plugins for Editor in 0.00 ms.
Unloading 1806 Unused Serialized files (Serialized files now loaded: 0)
System memory in use before: 85.0 MB.
System memory in use after: 85.0 MB.

Unloading 12 unused Assets to reduce memory usage. Loaded Objects now: 2289.
Total: 2.983300 ms (FindLiveObjects: 0.285700 ms CreateObjectMapping: 0.144200 ms MarkObjects: 2.404900 ms  DeleteObjects: 0.146700 ms)

========================================================================
Received Prepare
Registering precompiled user dll's ...
Registered in 0.001198 seconds.
Begin MonoManager ReloadAssembly
Native extension for WindowsStandalone target not found
Refreshing native plugins compatible for Editor in 0.42 ms, found 1 plugins.
Preloading 0 native plugins for Editor in 0.00 ms.
Mono: successfully reloaded assembly
- Completed reload, in  1.224 seconds
Platform modules already initialized, skipping
Refreshing native plugins compatible for Editor in 0.41 ms, found 1 plugins.
Preloading 0 native plugins for Editor in 0.00 ms.
Unloading 1806 Unused Serialized files (Serialized files now loaded: 0)
System memory in use before: 85.0 MB.
System memory in use after: 85.0 MB.

Unloading 12 unused Assets to reduce memory usage. Loaded Objects now: 2293.
Total: 3.669200 ms (FindLiveObjects: 0.957900 ms CreateObjectMapping: 0.277200 ms MarkObjects: 2.280400 ms  DeleteObjects: 0.150600 ms)

========================================================================
Received Prepare
Registering precompiled user dll's ...
Registered in 0.001192 seconds.
Begin MonoManager ReloadAssembly
Native extension for WindowsStandalone target not found
Refreshing native plugins compatible for Editor in 0.49 ms, found 1 plugins.
Preloading 0 native plugins for Editor in 0.00 ms.
Mono: successfully reloaded assembly
- Completed reload, in  1.603 seconds
Platform modules already initialized, skipping
Refreshing native plugins compatible for Editor in 0.48 ms, found 1 plugins.
Preloading 0 native plugins for Editor in 0.00 ms.
Unloading 1806 Unused Serialized files (Serialized files now loaded: 0)
System memory in use before: 85.0 MB.
System memory in use after: 85.0 MB.

Unloading 12 unused Assets to reduce memory usage. Loaded Objects now: 2297.
Total: 4.239600 ms (FindLiveObjects: 0.626800 ms CreateObjectMapping: 0.236300 ms MarkObjects: 3.146900 ms  DeleteObjects: 0.227500 ms)

========================================================================
Received Prepare
Registering precompiled user dll's ...
Registered in 0.001170 seconds.
Begin MonoManager ReloadAssembly
Native extension for WindowsStandalone target not found
Refreshing native plugins compatible for Editor in 0.43 ms, found 1 plugins.
Preloading 0 native plugins for Editor in 0.00 ms.
Mono: successfully reloaded assembly
- Completed reload, in  1.279 seconds
Platform modules already initialized, skipping
Refreshing native plugins compatible for Editor in 0.38 ms, found 1 plugins.
Preloading 0 native plugins for Editor in 0.00 ms.
Unloading 1806 Unused Serialized files (Serialized files now loaded: 0)
System memory in use before: 85.0 MB.
System memory in use after: 85.0 MB.

Unloading 12 unused Assets to reduce memory usage. Loaded Objects now: 2301.
Total: 2.698000 ms (FindLiveObjects: 0.214300 ms CreateObjectMapping: 0.088400 ms MarkObjects: 2.261000 ms  DeleteObjects: 0.132900 ms)

========================================================================
Received Prepare
Registering precompiled user dll's ...
Registered in 0.001070 seconds.
Begin MonoManager ReloadAssembly
Native extension for WindowsStandalone target not found
Refreshing native plugins compatible for Editor in 0.41 ms, found 1 plugins.
Preloading 0 native plugins for Editor in 0.00 ms.
Mono: successfully reloaded assembly
- Completed reload, in  1.138 seconds
Platform modules already initialized, skipping
Refreshing native plugins compatible for Editor in 0.38 ms, found 1 plugins.
Preloading 0 native plugins for Editor in 0.00 ms.
Unloading 1806 Unused Serialized files (Serialized files now loaded: 0)
System memory in use before: 85.0 MB.
System memory in use after: 85.0 MB.

Unloading 12 unused Assets to reduce memory usage. Loaded Objects now: 2305.
Total: 2.621300 ms (FindLiveObjects: 0.228800 ms CreateObjectMapping: 0.100500 ms MarkObjects: 2.161600 ms  DeleteObjects: 0.128500 ms)

========================================================================
Received Prepare
Registering precompiled user dll's ...
Registered in 0.001164 seconds.
Begin MonoManager ReloadAssembly
Native extension for WindowsStandalone target not found
Refreshing native plugins compatible for Editor in 0.35 ms, found 1 plugins.
Preloading 0 native plugins for Editor in 0.00 ms.
Mono: successfully reloaded assembly
- Completed reload, in  1.000 seconds
Platform modules already initialized, skipping
Refreshing native plugins compatible for Editor in 0.67 ms, found 1 plugins.
Preloading 0 native plugins for Editor in 0.00 ms.
Unloading 1806 Unused Serialized files (Serialized files now loaded: 0)
System memory in use before: 85.0 MB.
System memory in use after: 85.0 MB.

Unloading 12 unused Assets to reduce memory usage. Loaded Objects now: 2309.
Total: 2.766700 ms (FindLiveObjects: 0.219300 ms CreateObjectMapping: 0.095500 ms MarkObjects: 2.319100 ms  DeleteObjects: 0.131200 ms)

========================================================================
Received Prepare
Registering precompiled user dll's ...
Registered in 0.001291 seconds.
Begin MonoManager ReloadAssembly
Native extension for WindowsStandalone target not found
Refreshing native plugins compatible for Editor in 0.39 ms, found 1 plugins.
Preloading 0 native plugins for Editor in 0.00 ms.
Mono: successfully reloaded assembly
- Completed reload, in  1.091 seconds
Platform modules already initialized, skipping
Refreshing native plugins compatible for Editor in 0.36 ms, found 1 plugins.
Preloading 0 native plugins for Editor in 0.00 ms.
Unloading 1806 Unused Serialized files (Serialized files now loaded: 0)
System memory in use before: 85.1 MB.
System memory in use after: 85.0 MB.

Unloading 12 unused Assets to reduce memory usage. Loaded Objects now: 2313.
Total: 2.367100 ms (FindLiveObjects: 0.269300 ms CreateObjectMapping: 0.078100 ms MarkObjects: 1.876600 ms  DeleteObjects: 0.141600 ms)

