Using pre-set license
Built from '2020.3/staging' branch; Version is '2020.3.5f1 (8095aa901b9b) revision 8426922'; Using compiler version '192528614'; Build Type 'Release'
OS: 'Windows 10 Home Single Language; OS build 19042.1237; Version 2009; 64bit' Language: 'pt' Physical Memory: 12167 MB
BatchMode: 1, IsHumanControllingUs: 0, StartBugReporterOnCrash: 0, Is64bit: 1, IsPro: 0

 COMMAND LINE ARGUMENTS:
D:\2020.3.5f1\Editor\Unity.exe
-adb2
-batchMode
-noUpm
-name
AssetImportWorker1
-projectPath
C:/Unity Games/ld49
-logFile
Logs/AssetImportWorker1.log
-srvPort
65215
Successfully changed project path to: C:/Unity Games/ld49
C:/Unity Games/ld49
Using Asset Import Pipeline V2.
Refreshing native plugins compatible for Editor in 42.50 ms, found 1 plugins.
Preloading 0 native plugins for Editor in 0.00 ms.
Initialize engine version: 2020.3.5f1 (8095aa901b9b)
[Subsystems] Discovering subsystems at path D:/2020.3.5f1/Editor/Data/Resources/UnitySubsystems
[Subsystems] Discovering subsystems at path C:/Unity Games/ld49/Assets
GfxDevice: creating device client; threaded=0
Direct3D:
    Version:  Direct3D 11.0 [level 11.1]
    Renderer: Intel(R) UHD Graphics 620 (ID=0x3ea0)
    Vendor:   
    VRAM:     6083 MB
    Driver:   27.20.100.8729
Initialize mono
Mono path[0] = 'D:/2020.3.5f1/Editor/Data/Managed'
Mono path[1] = 'D:/2020.3.5f1/Editor/Data/MonoBleedingEdge/lib/mono/unityjit'
Mono config path = 'D:/2020.3.5f1/Editor/Data/MonoBleedingEdge/etc'
Using monoOptions --debugger-agent=transport=dt_socket,embedding=1,server=y,suspend=n,address=127.0.0.1:56608
Begin MonoManager ReloadAssembly
Registering precompiled unity dll's ...
Register platform support module: D:/2020.3.5f1/Editor/Data/PlaybackEngines/WindowsStandaloneSupport/UnityEditor.WindowsStandalone.Extensions.dll
Registered in 0.003297 seconds.
Native extension for WindowsStandalone target not found
Refreshing native plugins compatible for Editor in 61.38 ms, found 1 plugins.
Preloading 0 native plugins for Editor in 0.00 ms.
Mono: successfully reloaded assembly
- Completed reload, in  7.822 seconds
Platform modules already initialized, skipping
Registering precompiled user dll's ...
Registered in 0.001357 seconds.
Begin MonoManager ReloadAssembly
Native extension for WindowsStandalone target not found
Refreshing native plugins compatible for Editor in 37.63 ms, found 1 plugins.
Preloading 0 native plugins for Editor in 0.00 ms.
Mono: successfully reloaded assembly
- Completed reload, in  1.120 seconds
Platform modules already initialized, skipping
========================================================================
Worker process is ready to serve import requests
Launched and connected shader compiler UnityShaderCompiler.exe after 0.34 seconds
Refreshing native plugins compatible for Editor in 0.43 ms, found 1 plugins.
Preloading 0 native plugins for Editor in 0.00 ms.
Unloading 1812 Unused Serialized files (Serialized files now loaded: 0)
System memory in use before: 85.0 MB.
System memory in use after: 85.0 MB.

Unloading 24 unused Assets to reduce memory usage. Loaded Objects now: 2254.
Total: 2.789300 ms (FindLiveObjects: 0.270200 ms CreateObjectMapping: 0.165200 ms MarkObjects: 2.193000 ms  DeleteObjects: 0.159300 ms)

========================================================================
Received Import Request.
  path: Assets/Resources/Sprites/UI/Health/Health.png
  artifactKey: Guid(bbf240be692dcd044891520e499e9d82) Importer(815301076,1909f56bfc062723c751e8b465ee728b)
Start importing Assets/Resources/Sprites/UI/Health/Health.png using Guid(bbf240be692dcd044891520e499e9d82) Importer(815301076,1909f56bfc062723c751e8b465ee728b)  -> (artifact id: 'ababee345cf3d1618306e7227d7b5595') in 0.207999 seconds
  Import took 0.211889 seconds .

========================================================================
Received Import Request.
  Time since last request: 0.028449 seconds.
  path: Assets/Resources/Sprites/UI/Health/Health.png
  artifactKey: Guid(bbf240be692dcd044891520e499e9d82) Importer(815301076,1909f56bfc062723c751e8b465ee728b)
Start importing Assets/Resources/Sprites/UI/Health/Health.png using Guid(bbf240be692dcd044891520e499e9d82) Importer(815301076,1909f56bfc062723c751e8b465ee728b)  -> (artifact id: 'ababee345cf3d1618306e7227d7b5595') in 0.017551 seconds
  Import took 0.022434 seconds .

========================================================================
Received Import Request.
  Time since last request: 0.639608 seconds.
  path: Assets/Resources/Sprites/UI/Health/Health.png
  artifactKey: Guid(bbf240be692dcd044891520e499e9d82) Importer(815301076,1909f56bfc062723c751e8b465ee728b)
Start importing Assets/Resources/Sprites/UI/Health/Health.png using Guid(bbf240be692dcd044891520e499e9d82) Importer(815301076,1909f56bfc062723c751e8b465ee728b)  -> (artifact id: '83bcab2c101d6118e687af0ef460c83a') in 0.010193 seconds
  Import took 0.015023 seconds .

========================================================================
Received Import Request.
  Time since last request: 0.005393 seconds.
  path: Assets/Resources/Sprites/UI/Health/Health.png
  artifactKey: Guid(bbf240be692dcd044891520e499e9d82) Importer(815301076,1909f56bfc062723c751e8b465ee728b)
Start importing Assets/Resources/Sprites/UI/Health/Health.png using Guid(bbf240be692dcd044891520e499e9d82) Importer(815301076,1909f56bfc062723c751e8b465ee728b)  -> (artifact id: '83bcab2c101d6118e687af0ef460c83a') in 0.013809 seconds
  Import took 0.017401 seconds .

========================================================================
Received Prepare
Registering precompiled user dll's ...
Registered in 0.001598 seconds.
Begin MonoManager ReloadAssembly
Native extension for WindowsStandalone target not found
Refreshing native plugins compatible for Editor in 0.55 ms, found 1 plugins.
Preloading 0 native plugins for Editor in 0.00 ms.
Mono: successfully reloaded assembly
- Completed reload, in  1.172 seconds
Platform modules already initialized, skipping
Refreshing native plugins compatible for Editor in 0.50 ms, found 1 plugins.
Preloading 0 native plugins for Editor in 0.00 ms.
Unloading 1807 Unused Serialized files (Serialized files now loaded: 0)
System memory in use before: 88.0 MB.
System memory in use after: 88.0 MB.

Unloading 12 unused Assets to reduce memory usage. Loaded Objects now: 2264.
Total: 3.544000 ms (FindLiveObjects: 0.291700 ms CreateObjectMapping: 0.175400 ms MarkObjects: 2.924100 ms  DeleteObjects: 0.150500 ms)

========================================================================
Received Prepare
Registering precompiled user dll's ...
Registered in 0.008040 seconds.
Begin MonoManager ReloadAssembly
Native extension for WindowsStandalone target not found
Refreshing native plugins compatible for Editor in 0.42 ms, found 1 plugins.
Preloading 0 native plugins for Editor in 0.00 ms.
Mono: successfully reloaded assembly
- Completed reload, in  1.474 seconds
Platform modules already initialized, skipping
Refreshing native plugins compatible for Editor in 0.38 ms, found 1 plugins.
Preloading 0 native plugins for Editor in 0.00 ms.
Unloading 1807 Unused Serialized files (Serialized files now loaded: 0)
System memory in use before: 88.1 MB.
System memory in use after: 88.0 MB.

Unloading 12 unused Assets to reduce memory usage. Loaded Objects now: 2268.
Total: 2.729700 ms (FindLiveObjects: 0.174600 ms CreateObjectMapping: 0.062500 ms MarkObjects: 2.365000 ms  DeleteObjects: 0.126100 ms)

========================================================================
Received Import Request.
  Time since last request: 219.659106 seconds.
  path: Assets/Resources/Sprites/Player/Rogue.png
  artifactKey: Guid(c9cdff9e6c964504ba07c2560c5e7f19) Importer(815301076,1909f56bfc062723c751e8b465ee728b)
Start importing Assets/Resources/Sprites/Player/Rogue.png using Guid(c9cdff9e6c964504ba07c2560c5e7f19) Importer(815301076,1909f56bfc062723c751e8b465ee728b)  -> (artifact id: '39453cc7921ff9eff5bfecd0eeeb1522') in 0.061764 seconds
  Import took 0.068178 seconds .

========================================================================
Received Import Request.
  Time since last request: 9.926480 seconds.
  path: Assets/Resources/Sprites/Player/Rogue.png
  artifactKey: Guid(c9cdff9e6c964504ba07c2560c5e7f19) Importer(815301076,1909f56bfc062723c751e8b465ee728b)
Start importing Assets/Resources/Sprites/Player/Rogue.png using Guid(c9cdff9e6c964504ba07c2560c5e7f19) Importer(815301076,1909f56bfc062723c751e8b465ee728b)  -> (artifact id: 'e1670422a7f859880dcdd0faa3549f21') in 0.095585 seconds
  Import took 0.099267 seconds .

========================================================================
Received Prepare
Registering precompiled user dll's ...
Registered in 0.002492 seconds.
Begin MonoManager ReloadAssembly
Native extension for WindowsStandalone target not found
Refreshing native plugins compatible for Editor in 0.48 ms, found 1 plugins.
Preloading 0 native plugins for Editor in 0.00 ms.
Mono: successfully reloaded assembly
- Completed reload, in  1.401 seconds
Platform modules already initialized, skipping
Refreshing native plugins compatible for Editor in 0.55 ms, found 1 plugins.
Preloading 0 native plugins for Editor in 0.00 ms.
Unloading 1807 Unused Serialized files (Serialized files now loaded: 0)
System memory in use before: 88.1 MB.
System memory in use after: 88.1 MB.

Unloading 12 unused Assets to reduce memory usage. Loaded Objects now: 2276.
Total: 2.935300 ms (FindLiveObjects: 0.243800 ms CreateObjectMapping: 0.098800 ms MarkObjects: 2.448200 ms  DeleteObjects: 0.142800 ms)

========================================================================
Received Prepare
Registering precompiled user dll's ...
Registered in 0.001164 seconds.
Begin MonoManager ReloadAssembly
Native extension for WindowsStandalone target not found
Refreshing native plugins compatible for Editor in 0.41 ms, found 1 plugins.
Preloading 0 native plugins for Editor in 0.00 ms.
Mono: successfully reloaded assembly
- Completed reload, in  1.094 seconds
Platform modules already initialized, skipping
Refreshing native plugins compatible for Editor in 0.40 ms, found 1 plugins.
Preloading 0 native plugins for Editor in 0.00 ms.
Unloading 1807 Unused Serialized files (Serialized files now loaded: 0)
System memory in use before: 88.1 MB.
System memory in use after: 88.1 MB.

Unloading 12 unused Assets to reduce memory usage. Loaded Objects now: 2280.
Total: 2.438800 ms (FindLiveObjects: 0.189900 ms CreateObjectMapping: 0.080900 ms MarkObjects: 2.042800 ms  DeleteObjects: 0.124000 ms)

========================================================================
Received Import Request.
  Time since last request: 133.665962 seconds.
  path: Assets/Resources/Sprites/UI/Health/Health.png
  artifactKey: Guid(bbf240be692dcd044891520e499e9d82) Importer(815301076,1909f56bfc062723c751e8b465ee728b)
Start importing Assets/Resources/Sprites/UI/Health/Health.png using Guid(bbf240be692dcd044891520e499e9d82) Importer(815301076,1909f56bfc062723c751e8b465ee728b)  -> (artifact id: '516244199225d9a72493e91b2f845506') in 0.069043 seconds
  Import took 0.074748 seconds .

========================================================================
Received Import Request.
  Time since last request: 19.763030 seconds.
  path: Assets/Resources/Sprites/UI/Health/Health.png
  artifactKey: Guid(bbf240be692dcd044891520e499e9d82) Importer(815301076,1909f56bfc062723c751e8b465ee728b)
Start importing Assets/Resources/Sprites/UI/Health/Health.png using Guid(bbf240be692dcd044891520e499e9d82) Importer(815301076,1909f56bfc062723c751e8b465ee728b)  -> (artifact id: '4bf6d551acfbb13508026a670e6b393f') in 0.054191 seconds
  Import took 0.059138 seconds .

========================================================================
Received Import Request.
  Time since last request: 19.940594 seconds.
  path: Assets/Resources/Sprites/UI/Health/Health.png
  artifactKey: Guid(bbf240be692dcd044891520e499e9d82) Importer(815301076,1909f56bfc062723c751e8b465ee728b)
Start importing Assets/Resources/Sprites/UI/Health/Health.png using Guid(bbf240be692dcd044891520e499e9d82) Importer(815301076,1909f56bfc062723c751e8b465ee728b)  -> (artifact id: '7b41afe67b163d656c209fa74daf8ffb') in 0.022691 seconds
  Import took 0.027687 seconds .

========================================================================
Received Import Request.
  Time since last request: 81.140570 seconds.
  path: Assets/Resources/Animations/UI/Health
  artifactKey: Guid(314a01c5839b2d44299d9c127b9c7bde) Importer(815301076,1909f56bfc062723c751e8b465ee728b)
Start importing Assets/Resources/Animations/UI/Health using Guid(314a01c5839b2d44299d9c127b9c7bde) Importer(815301076,1909f56bfc062723c751e8b465ee728b)  -> (artifact id: '1a509476517bbf6de3883e20f2167eb6') in 0.003622 seconds
  Import took 0.007669 seconds .

========================================================================
Received Import Request.
  Time since last request: 1.730616 seconds.
  path: Assets/Resources/Animations/UI/Health/HeartEnter.anim
  artifactKey: Guid(51805069bc0c726499e00c0f16b0cdc0) Importer(815301076,1909f56bfc062723c751e8b465ee728b)
Start importing Assets/Resources/Animations/UI/Health/HeartEnter.anim using Guid(51805069bc0c726499e00c0f16b0cdc0) Importer(815301076,1909f56bfc062723c751e8b465ee728b)  -> (artifact id: 'c49cf4e37a5ba355e8a40708ec322028') in 0.034294 seconds
  Import took 0.074862 seconds .

========================================================================
Received Import Request.
  Time since last request: 0.024434 seconds.
  path: Assets/Resources/Animations/UI/Health/HeartEnter.anim
  artifactKey: Guid(51805069bc0c726499e00c0f16b0cdc0) Importer(815301076,1909f56bfc062723c751e8b465ee728b)
Start importing Assets/Resources/Animations/UI/Health/HeartEnter.anim using Guid(51805069bc0c726499e00c0f16b0cdc0) Importer(815301076,1909f56bfc062723c751e8b465ee728b)  -> (artifact id: 'c49cf4e37a5ba355e8a40708ec322028') in 0.004130 seconds
  Import took 0.008044 seconds .

========================================================================
Received Prepare
Registering precompiled user dll's ...
Registered in 0.001183 seconds.
Begin MonoManager ReloadAssembly
Native extension for WindowsStandalone target not found
Refreshing native plugins compatible for Editor in 0.39 ms, found 1 plugins.
Preloading 0 native plugins for Editor in 0.00 ms.
Mono: successfully reloaded assembly
- Completed reload, in  1.052 seconds
Platform modules already initialized, skipping
Refreshing native plugins compatible for Editor in 0.40 ms, found 1 plugins.
Preloading 0 native plugins for Editor in 0.00 ms.
Unloading 1807 Unused Serialized files (Serialized files now loaded: 0)
System memory in use before: 88.2 MB.
System memory in use after: 88.1 MB.

Unloading 12 unused Assets to reduce memory usage. Loaded Objects now: 2289.
Total: 3.148000 ms (FindLiveObjects: 0.176600 ms CreateObjectMapping: 0.078000 ms MarkObjects: 2.744800 ms  DeleteObjects: 0.146900 ms)

========================================================================
Received Prepare
Registering precompiled user dll's ...
Registered in 0.001190 seconds.
Begin MonoManager ReloadAssembly
Native extension for WindowsStandalone target not found
Refreshing native plugins compatible for Editor in 0.42 ms, found 1 plugins.
Preloading 0 native plugins for Editor in 0.00 ms.
Mono: successfully reloaded assembly
- Completed reload, in  0.950 seconds
Platform modules already initialized, skipping
Refreshing native plugins compatible for Editor in 0.37 ms, found 1 plugins.
Preloading 0 native plugins for Editor in 0.00 ms.
Unloading 1807 Unused Serialized files (Serialized files now loaded: 0)
System memory in use before: 88.2 MB.
System memory in use after: 88.2 MB.

Unloading 12 unused Assets to reduce memory usage. Loaded Objects now: 2293.
Total: 2.624400 ms (FindLiveObjects: 0.234900 ms CreateObjectMapping: 0.126700 ms MarkObjects: 2.139500 ms  DeleteObjects: 0.122000 ms)

========================================================================
Received Prepare
Registering precompiled user dll's ...
Registered in 0.001829 seconds.
Begin MonoManager ReloadAssembly
Native extension for WindowsStandalone target not found
Refreshing native plugins compatible for Editor in 0.85 ms, found 1 plugins.
Preloading 0 native plugins for Editor in 0.00 ms.
Mono: successfully reloaded assembly
- Completed reload, in  1.458 seconds
Platform modules already initialized, skipping
Refreshing native plugins compatible for Editor in 0.41 ms, found 1 plugins.
Preloading 0 native plugins for Editor in 0.00 ms.
Unloading 1807 Unused Serialized files (Serialized files now loaded: 0)
System memory in use before: 88.2 MB.
System memory in use after: 88.2 MB.

Unloading 12 unused Assets to reduce memory usage. Loaded Objects now: 2297.
Total: 2.684900 ms (FindLiveObjects: 0.234100 ms CreateObjectMapping: 0.112100 ms MarkObjects: 2.187200 ms  DeleteObjects: 0.148700 ms)

========================================================================
Received Prepare
Registering precompiled user dll's ...
Registered in 0.001233 seconds.
Begin MonoManager ReloadAssembly
Native extension for WindowsStandalone target not found
Refreshing native plugins compatible for Editor in 0.41 ms, found 1 plugins.
Preloading 0 native plugins for Editor in 0.00 ms.
Mono: successfully reloaded assembly
- Completed reload, in  1.053 seconds
Platform modules already initialized, skipping
Refreshing native plugins compatible for Editor in 0.40 ms, found 1 plugins.
Preloading 0 native plugins for Editor in 0.00 ms.
Unloading 1807 Unused Serialized files (Serialized files now loaded: 0)
System memory in use before: 88.2 MB.
System memory in use after: 88.2 MB.

Unloading 12 unused Assets to reduce memory usage. Loaded Objects now: 2301.
Total: 2.642200 ms (FindLiveObjects: 0.213000 ms CreateObjectMapping: 0.086300 ms MarkObjects: 2.209600 ms  DeleteObjects: 0.131700 ms)

========================================================================
Received Import Request.
  Time since last request: 143.196125 seconds.
  path: ProjectSettings/TagManager.asset
  artifactKey: Guid(00000000000000003000000000000000) Importer(815301076,1909f56bfc062723c751e8b465ee728b)
Start importing ProjectSettings/TagManager.asset using Guid(00000000000000003000000000000000) Importer(815301076,1909f56bfc062723c751e8b465ee728b)  -> (artifact id: 'c4466e18a380e6d3a69a84fc438119e0') in 0.025689 seconds
  Import took 0.030096 seconds .

========================================================================
Received Import Request.
  Time since last request: 0.000808 seconds.
  path: ProjectSettings/TagManager.asset
  artifactKey: Guid(00000000000000003000000000000000) Importer(815301076,1909f56bfc062723c751e8b465ee728b)
Start importing ProjectSettings/TagManager.asset using Guid(00000000000000003000000000000000) Importer(815301076,1909f56bfc062723c751e8b465ee728b)  -> (artifact id: 'c4466e18a380e6d3a69a84fc438119e0') in 0.010422 seconds
  Import took 0.015535 seconds .

========================================================================
Received Import Request.
  Time since last request: 4.212385 seconds.
  path: ProjectSettings/TagManager.asset
  artifactKey: Guid(00000000000000003000000000000000) Importer(815301076,1909f56bfc062723c751e8b465ee728b)
Start importing ProjectSettings/TagManager.asset using Guid(00000000000000003000000000000000) Importer(815301076,1909f56bfc062723c751e8b465ee728b)  -> (artifact id: '800f76134d5b3cfd1d84594714c8bd30') in 0.004820 seconds
  Import took 0.009117 seconds .

========================================================================
Received Prepare
Registering precompiled user dll's ...
Registered in 0.001161 seconds.
Begin MonoManager ReloadAssembly
Native extension for WindowsStandalone target not found
Refreshing native plugins compatible for Editor in 0.38 ms, found 1 plugins.
Preloading 0 native plugins for Editor in 0.00 ms.
Mono: successfully reloaded assembly
- Completed reload, in  0.911 seconds
Platform modules already initialized, skipping
Refreshing native plugins compatible for Editor in 0.42 ms, found 1 plugins.
Preloading 0 native plugins for Editor in 0.00 ms.
Unloading 1807 Unused Serialized files (Serialized files now loaded: 0)
System memory in use before: 88.2 MB.
System memory in use after: 88.2 MB.

Unloading 15 unused Assets to reduce memory usage. Loaded Objects now: 2305.
Total: 2.475500 ms (FindLiveObjects: 0.263900 ms CreateObjectMapping: 0.098400 ms MarkObjects: 1.985100 ms  DeleteObjects: 0.127200 ms)

========================================================================
Received Prepare
Refreshing native plugins compatible for Editor in 4.19 ms, found 1 plugins.
Preloading 0 native plugins for Editor in 0.00 ms.
Unloading 10 Unused Serialized files (Serialized files now loaded: 0)
System memory in use before: 52.7 MB.
System memory in use after: 52.7 MB.

Unloading 10 unused Assets to reduce memory usage. Loaded Objects now: 2305.
Total: 3.331200 ms (FindLiveObjects: 0.286500 ms CreateObjectMapping: 0.154800 ms MarkObjects: 2.730900 ms  DeleteObjects: 0.157000 ms)

========================================================================
Received Prepare
Registering precompiled user dll's ...
Registered in 0.001096 seconds.
Begin MonoManager ReloadAssembly
Native extension for WindowsStandalone target not found
Refreshing native plugins compatible for Editor in 0.39 ms, found 1 plugins.
Preloading 0 native plugins for Editor in 0.00 ms.
Mono: successfully reloaded assembly
- Completed reload, in  1.014 seconds
Platform modules already initialized, skipping
Refreshing native plugins compatible for Editor in 0.38 ms, found 1 plugins.
Preloading 0 native plugins for Editor in 0.00 ms.
Unloading 1807 Unused Serialized files (Serialized files now loaded: 0)
System memory in use before: 88.2 MB.
System memory in use after: 88.2 MB.

Unloading 12 unused Assets to reduce memory usage. Loaded Objects now: 2309.
Total: 2.952300 ms (FindLiveObjects: 0.204500 ms CreateObjectMapping: 0.078500 ms MarkObjects: 2.539500 ms  DeleteObjects: 0.128100 ms)

========================================================================
Received Prepare
Registering precompiled user dll's ...
Registered in 0.001372 seconds.
Begin MonoManager ReloadAssembly
Native extension for WindowsStandalone target not found
Refreshing native plugins compatible for Editor in 0.36 ms, found 1 plugins.
Preloading 0 native plugins for Editor in 0.00 ms.
Mono: successfully reloaded assembly
- Completed reload, in  0.936 seconds
Platform modules already initialized, skipping
Refreshing native plugins compatible for Editor in 0.40 ms, found 1 plugins.
Preloading 0 native plugins for Editor in 0.00 ms.
Unloading 1807 Unused Serialized files (Serialized files now loaded: 0)
System memory in use before: 88.2 MB.
System memory in use after: 88.2 MB.

Unloading 12 unused Assets to reduce memory usage. Loaded Objects now: 2313.
Total: 2.678600 ms (FindLiveObjects: 0.165800 ms CreateObjectMapping: 0.060600 ms MarkObjects: 2.327000 ms  DeleteObjects: 0.123800 ms)

========================================================================
Received Prepare
Registering precompiled user dll's ...
Registered in 0.001105 seconds.
Begin MonoManager ReloadAssembly
Native extension for WindowsStandalone target not found
Refreshing native plugins compatible for Editor in 0.44 ms, found 1 plugins.
Preloading 0 native plugins for Editor in 0.00 ms.
Mono: successfully reloaded assembly
- Completed reload, in  0.915 seconds
Platform modules already initialized, skipping
Refreshing native plugins compatible for Editor in 0.40 ms, found 1 plugins.
Preloading 0 native plugins for Editor in 0.00 ms.
Unloading 1807 Unused Serialized files (Serialized files now loaded: 0)
System memory in use before: 88.2 MB.
System memory in use after: 88.2 MB.

Unloading 12 unused Assets to reduce memory usage. Loaded Objects now: 2317.
Total: 2.636300 ms (FindLiveObjects: 0.235600 ms CreateObjectMapping: 0.121300 ms MarkObjects: 2.130300 ms  DeleteObjects: 0.147800 ms)

========================================================================
Received Prepare
Refreshing native plugins compatible for Editor in 3.65 ms, found 1 plugins.
Preloading 0 native plugins for Editor in 0.00 ms.
Unloading 10 Unused Serialized files (Serialized files now loaded: 0)
System memory in use before: 52.7 MB.
System memory in use after: 52.7 MB.

Unloading 10 unused Assets to reduce memory usage. Loaded Objects now: 2317.
Total: 4.110700 ms (FindLiveObjects: 0.488100 ms CreateObjectMapping: 0.361300 ms MarkObjects: 3.092400 ms  DeleteObjects: 0.166200 ms)

========================================================================
Received Prepare
Registering precompiled user dll's ...
Registered in 0.001246 seconds.
Begin MonoManager ReloadAssembly
Native extension for WindowsStandalone target not found
Refreshing native plugins compatible for Editor in 0.43 ms, found 1 plugins.
Preloading 0 native plugins for Editor in 0.00 ms.
Mono: successfully reloaded assembly
- Completed reload, in  0.976 seconds
Platform modules already initialized, skipping
Refreshing native plugins compatible for Editor in 0.43 ms, found 1 plugins.
Preloading 0 native plugins for Editor in 0.00 ms.
Unloading 1807 Unused Serialized files (Serialized files now loaded: 0)
System memory in use before: 88.2 MB.
System memory in use after: 88.2 MB.

Unloading 12 unused Assets to reduce memory usage. Loaded Objects now: 2321.
Total: 3.054100 ms (FindLiveObjects: 0.336200 ms CreateObjectMapping: 0.135400 ms MarkObjects: 2.451400 ms  DeleteObjects: 0.129600 ms)

========================================================================
Received Prepare
Registering precompiled user dll's ...
Registered in 0.001015 seconds.
Begin MonoManager ReloadAssembly
Native extension for WindowsStandalone target not found
Refreshing native plugins compatible for Editor in 0.45 ms, found 1 plugins.
Preloading 0 native plugins for Editor in 0.00 ms.
Mono: successfully reloaded assembly
- Completed reload, in  1.079 seconds
Platform modules already initialized, skipping
Refreshing native plugins compatible for Editor in 0.40 ms, found 1 plugins.
Preloading 0 native plugins for Editor in 0.00 ms.
Unloading 1807 Unused Serialized files (Serialized files now loaded: 0)
System memory in use before: 88.3 MB.
System memory in use after: 88.2 MB.

Unloading 12 unused Assets to reduce memory usage. Loaded Objects now: 2325.
Total: 2.587300 ms (FindLiveObjects: 0.176800 ms CreateObjectMapping: 0.070800 ms MarkObjects: 2.217600 ms  DeleteObjects: 0.120900 ms)

========================================================================
Received Prepare
Registering precompiled user dll's ...
Registered in 0.001345 seconds.
Begin MonoManager ReloadAssembly
Native extension for WindowsStandalone target not found
Refreshing native plugins compatible for Editor in 0.57 ms, found 1 plugins.
Preloading 0 native plugins for Editor in 0.00 ms.
Mono: successfully reloaded assembly
- Completed reload, in  1.286 seconds
Platform modules already initialized, skipping
Refreshing native plugins compatible for Editor in 0.35 ms, found 1 plugins.
Preloading 0 native plugins for Editor in 0.00 ms.
Unloading 1807 Unused Serialized files (Serialized files now loaded: 0)
System memory in use before: 88.3 MB.
System memory in use after: 88.2 MB.

Unloading 12 unused Assets to reduce memory usage. Loaded Objects now: 2329.
Total: 2.594800 ms (FindLiveObjects: 0.178400 ms CreateObjectMapping: 0.096400 ms MarkObjects: 2.190000 ms  DeleteObjects: 0.129000 ms)

========================================================================
Received Prepare
Registering precompiled user dll's ...
Registered in 0.001564 seconds.
Begin MonoManager ReloadAssembly
Native extension for WindowsStandalone target not found
Refreshing native plugins compatible for Editor in 0.38 ms, found 1 plugins.
Preloading 0 native plugins for Editor in 0.00 ms.
Mono: successfully reloaded assembly
- Completed reload, in  0.947 seconds
Platform modules already initialized, skipping
Refreshing native plugins compatible for Editor in 0.37 ms, found 1 plugins.
Preloading 0 native plugins for Editor in 0.00 ms.
Unloading 1807 Unused Serialized files (Serialized files now loaded: 0)
System memory in use before: 88.3 MB.
System memory in use after: 88.2 MB.

Unloading 12 unused Assets to reduce memory usage. Loaded Objects now: 2333.
Total: 2.716700 ms (FindLiveObjects: 0.313400 ms CreateObjectMapping: 0.121700 ms MarkObjects: 2.121300 ms  DeleteObjects: 0.158500 ms)

========================================================================
Received Prepare
Refreshing native plugins compatible for Editor in 1.91 ms, found 1 plugins.
Preloading 0 native plugins for Editor in 0.00 ms.
Unloading 10 Unused Serialized files (Serialized files now loaded: 0)
System memory in use before: 52.7 MB.
System memory in use after: 52.7 MB.

Unloading 10 unused Assets to reduce memory usage. Loaded Objects now: 2333.
Total: 2.464000 ms (FindLiveObjects: 0.208100 ms CreateObjectMapping: 0.088700 ms MarkObjects: 2.042200 ms  DeleteObjects: 0.123700 ms)

========================================================================
Received Prepare
Registering precompiled user dll's ...
Registered in 0.001644 seconds.
Begin MonoManager ReloadAssembly
Native extension for WindowsStandalone target not found
Refreshing native plugins compatible for Editor in 0.41 ms, found 1 plugins.
Preloading 0 native plugins for Editor in 0.00 ms.
Mono: successfully reloaded assembly
- Completed reload, in  1.197 seconds
Platform modules already initialized, skipping
Refreshing native plugins compatible for Editor in 0.39 ms, found 1 plugins.
Preloading 0 native plugins for Editor in 0.00 ms.
Unloading 1807 Unused Serialized files (Serialized files now loaded: 0)
System memory in use before: 88.3 MB.
System memory in use after: 88.3 MB.

Unloading 12 unused Assets to reduce memory usage. Loaded Objects now: 2337.
Total: 2.640500 ms (FindLiveObjects: 0.200300 ms CreateObjectMapping: 0.081400 ms MarkObjects: 2.231800 ms  DeleteObjects: 0.125400 ms)

========================================================================
Received Import Request.
  Time since last request: 933.532892 seconds.
  path: Assets/Resources/Animations/Player/Sprite.controller
  artifactKey: Guid(1a4d47b136252c94bafefc89f6c1e237) Importer(815301076,1909f56bfc062723c751e8b465ee728b)
Start importing Assets/Resources/Animations/Player/Sprite.controller using Guid(1a4d47b136252c94bafefc89f6c1e237) Importer(815301076,1909f56bfc062723c751e8b465ee728b)  -> (artifact id: '60b776906a7d14f3a64586a4e5402429') in 0.382844 seconds
  Import took 0.387230 seconds .

========================================================================
Received Import Request.
  Time since last request: 36.945248 seconds.
  path: Assets/Resources/Animations/Player/Sprite.controller
  artifactKey: Guid(1a4d47b136252c94bafefc89f6c1e237) Importer(815301076,1909f56bfc062723c751e8b465ee728b)
Start importing Assets/Resources/Animations/Player/Sprite.controller using Guid(1a4d47b136252c94bafefc89f6c1e237) Importer(815301076,1909f56bfc062723c751e8b465ee728b)  -> (artifact id: 'c654b2d9cbd6d4982e7ec01cea15af93') in 0.005724 seconds
  Import took 0.009369 seconds .

========================================================================
Received Prepare
Registering precompiled user dll's ...
Registered in 0.001233 seconds.
Begin MonoManager ReloadAssembly
Native extension for WindowsStandalone target not found
Refreshing native plugins compatible for Editor in 0.61 ms, found 1 plugins.
Preloading 0 native plugins for Editor in 0.00 ms.
Mono: successfully reloaded assembly
- Completed reload, in  1.262 seconds
Platform modules already initialized, skipping
Refreshing native plugins compatible for Editor in 0.45 ms, found 1 plugins.
Preloading 0 native plugins for Editor in 0.00 ms.
Unloading 1807 Unused Serialized files (Serialized files now loaded: 0)
System memory in use before: 88.3 MB.
System memory in use after: 88.3 MB.

Unloading 12 unused Assets to reduce memory usage. Loaded Objects now: 2341.
Total: 2.893500 ms (FindLiveObjects: 0.397200 ms CreateObjectMapping: 0.124500 ms MarkObjects: 2.231500 ms  DeleteObjects: 0.138700 ms)

========================================================================
Received Prepare
Registering precompiled user dll's ...
Registered in 0.001365 seconds.
Begin MonoManager ReloadAssembly
Native extension for WindowsStandalone target not found
Refreshing native plugins compatible for Editor in 0.40 ms, found 1 plugins.
Preloading 0 native plugins for Editor in 0.00 ms.
Mono: successfully reloaded assembly
- Completed reload, in  0.985 seconds
Platform modules already initialized, skipping
Refreshing native plugins compatible for Editor in 0.37 ms, found 1 plugins.
Preloading 0 native plugins for Editor in 0.00 ms.
Unloading 1807 Unused Serialized files (Serialized files now loaded: 0)
System memory in use before: 88.3 MB.
System memory in use after: 88.3 MB.

Unloading 12 unused Assets to reduce memory usage. Loaded Objects now: 2345.
Total: 2.562300 ms (FindLiveObjects: 0.192900 ms CreateObjectMapping: 0.065800 ms MarkObjects: 2.180800 ms  DeleteObjects: 0.121300 ms)

