Using pre-set license
Built from '2020.3/staging' branch; Version is '2020.3.5f1 (8095aa901b9b) revision 8426922'; Using compiler version '192528614'; Build Type 'Release'
OS: 'Windows 10 Home Single Language; OS build 19042.1237; Version 2009; 64bit' Language: 'pt' Physical Memory: 12167 MB
BatchMode: 1, IsHumanControllingUs: 0, StartBugReporterOnCrash: 0, Is64bit: 1, IsPro: 0

 COMMAND LINE ARGUMENTS:
D:\2020.3.5f1\Editor\Unity.exe
-adb2
-batchMode
-noUpm
-name
AssetImportWorker2
-projectPath
C:/Unity Games/ld49
-logFile
Logs/AssetImportWorker2.log
-srvPort
58511
Successfully changed project path to: C:/Unity Games/ld49
C:/Unity Games/ld49
Using Asset Import Pipeline V2.
Refreshing native plugins compatible for Editor in 87.67 ms, found 1 plugins.
Preloading 0 native plugins for Editor in 0.00 ms.
Initialize engine version: 2020.3.5f1 (8095aa901b9b)
[Subsystems] Discovering subsystems at path D:/2020.3.5f1/Editor/Data/Resources/UnitySubsystems
[Subsystems] Discovering subsystems at path C:/Unity Games/ld49/Assets
GfxDevice: creating device client; threaded=0
Direct3D:
    Version:  Direct3D 11.0 [level 11.1]
    Renderer: Intel(R) UHD Graphics 620 (ID=0x3ea0)
    Vendor:   
    VRAM:     6083 MB
    Driver:   27.20.100.8729
Initialize mono
Mono path[0] = 'D:/2020.3.5f1/Editor/Data/Managed'
Mono path[1] = 'D:/2020.3.5f1/Editor/Data/MonoBleedingEdge/lib/mono/unityjit'
Mono config path = 'D:/2020.3.5f1/Editor/Data/MonoBleedingEdge/etc'
Using monoOptions --debugger-agent=transport=dt_socket,embedding=1,server=y,suspend=n,address=127.0.0.1:56252
Begin MonoManager ReloadAssembly
Registering precompiled unity dll's ...
Register platform support module: D:/2020.3.5f1/Editor/Data/PlaybackEngines/WebGLSupport/UnityEditor.WebGL.Extensions.dll
Register platform support module: D:/2020.3.5f1/Editor/Data/PlaybackEngines/WindowsStandaloneSupport/UnityEditor.WindowsStandalone.Extensions.dll
Registered in 0.001626 seconds.
Native extension for WindowsStandalone target not found
Native extension for WebGL target not found
Refreshing native plugins compatible for Editor in 56.08 ms, found 1 plugins.
Preloading 0 native plugins for Editor in 0.00 ms.
Mono: successfully reloaded assembly
- Completed reload, in  2.296 seconds
Platform modules already initialized, skipping
Registering precompiled user dll's ...
Registered in 0.002166 seconds.
Begin MonoManager ReloadAssembly
Native extension for WindowsStandalone target not found
Native extension for WebGL target not found
Refreshing native plugins compatible for Editor in 53.37 ms, found 1 plugins.
Preloading 0 native plugins for Editor in 0.00 ms.
Mono: successfully reloaded assembly
- Completed reload, in  1.609 seconds
Platform modules already initialized, skipping
========================================================================
Worker process is ready to serve import requests
Launched and connected shader compiler UnityShaderCompiler.exe after 0.26 seconds
Refreshing native plugins compatible for Editor in 0.54 ms, found 1 plugins.
Preloading 0 native plugins for Editor in 0.00 ms.
Unloading 1843 Unused Serialized files (Serialized files now loaded: 0)
System memory in use before: 160.8 MB.
System memory in use after: 160.7 MB.

Unloading 24 unused Assets to reduce memory usage. Loaded Objects now: 2294.
Total: 5.993400 ms (FindLiveObjects: 0.366900 ms CreateObjectMapping: 0.790000 ms MarkObjects: 4.524200 ms  DeleteObjects: 0.309600 ms)

========================================================================
Received Import Request.
  path: Assets/Scenes/Game.unity
  artifactKey: Guid(2cda990e2423bbf4892e6590ba056729) Importer(815301076,1909f56bfc062723c751e8b465ee728b)
Start importing Assets/Scenes/Game.unity using Guid(2cda990e2423bbf4892e6590ba056729) Importer(815301076,1909f56bfc062723c751e8b465ee728b)  -> (artifact id: 'c9535fde361aaf237cd9581bfbc11b66') in 0.031784 seconds
  Import took 0.037375 seconds .

========================================================================
Received Prepare
Refreshing native plugins compatible for Editor in 3.76 ms, found 1 plugins.
Preloading 0 native plugins for Editor in 0.00 ms.
Unloading 11 Unused Serialized files (Serialized files now loaded: 0)
System memory in use before: 123.3 MB.
System memory in use after: 123.2 MB.

Unloading 11 unused Assets to reduce memory usage. Loaded Objects now: 2294.
Total: 4.812700 ms (FindLiveObjects: 0.456800 ms CreateObjectMapping: 0.284700 ms MarkObjects: 3.876900 ms  DeleteObjects: 0.192200 ms)

========================================================================
Received Import Request.
  Time since last request: 3913.870830 seconds.
  path: Assets/Resources/Sprites/UI/names.png
  artifactKey: Guid(21f286762143ded4b8db1b00f350bce9) Importer(815301076,1909f56bfc062723c751e8b465ee728b)
Start importing Assets/Resources/Sprites/UI/names.png using Guid(21f286762143ded4b8db1b00f350bce9) Importer(815301076,1909f56bfc062723c751e8b465ee728b)  -> (artifact id: '3aa59febf9b057be0b7a60609e1311c8') in 1.783308 seconds
  Import took 1.787849 seconds .

========================================================================
Received Import Request.
  Time since last request: 5.057375 seconds.
  path: Assets/Resources/Sprites/UI/names.png
  artifactKey: Guid(21f286762143ded4b8db1b00f350bce9) Importer(815301076,1909f56bfc062723c751e8b465ee728b)
Start importing Assets/Resources/Sprites/UI/names.png using Guid(21f286762143ded4b8db1b00f350bce9) Importer(815301076,1909f56bfc062723c751e8b465ee728b)  -> (artifact id: '65f7418740357bd581b8546235d100c9') in 0.021939 seconds
  Import took 0.026077 seconds .

========================================================================
Received Import Request.
  Time since last request: 0.001724 seconds.
  path: Assets/Resources/Sprites/UI/names.png
  artifactKey: Guid(21f286762143ded4b8db1b00f350bce9) Importer(815301076,1909f56bfc062723c751e8b465ee728b)
Start importing Assets/Resources/Sprites/UI/names.png using Guid(21f286762143ded4b8db1b00f350bce9) Importer(815301076,1909f56bfc062723c751e8b465ee728b)  -> (artifact id: '65f7418740357bd581b8546235d100c9') in 0.012616 seconds
  Import took 0.022131 seconds .

========================================================================
Received Import Request.
  Time since last request: 37.958705 seconds.
  path: Assets/Resources/Sprites/UI/names.png
  artifactKey: Guid(21f286762143ded4b8db1b00f350bce9) Importer(815301076,1909f56bfc062723c751e8b465ee728b)
Start importing Assets/Resources/Sprites/UI/names.png using Guid(21f286762143ded4b8db1b00f350bce9) Importer(815301076,1909f56bfc062723c751e8b465ee728b)  -> (artifact id: 'e701fde5d2d1e985b4a45f34c0cb4fcf') in 0.041326 seconds
  Import took 0.054081 seconds .

========================================================================
Received Prepare
Registering precompiled user dll's ...
Registered in 0.001739 seconds.
Begin MonoManager ReloadAssembly
Native extension for WindowsStandalone target not found
Native extension for WebGL target not found
Refreshing native plugins compatible for Editor in 0.42 ms, found 1 plugins.
Preloading 0 native plugins for Editor in 0.00 ms.
Mono: successfully reloaded assembly
- Completed reload, in  1.246 seconds
Platform modules already initialized, skipping
Refreshing native plugins compatible for Editor in 0.70 ms, found 1 plugins.
Preloading 0 native plugins for Editor in 0.00 ms.
Unloading 1823 Unused Serialized files (Serialized files now loaded: 0)
System memory in use before: 162.4 MB.
System memory in use after: 162.4 MB.

Unloading 13 unused Assets to reduce memory usage. Loaded Objects now: 2322.
Total: 3.400800 ms (FindLiveObjects: 0.232400 ms CreateObjectMapping: 0.104700 ms MarkObjects: 2.898900 ms  DeleteObjects: 0.162700 ms)

========================================================================
Received Prepare
Registering precompiled user dll's ...
Registered in 0.001026 seconds.
Begin MonoManager ReloadAssembly
Native extension for WindowsStandalone target not found
Native extension for WebGL target not found
Refreshing native plugins compatible for Editor in 0.41 ms, found 1 plugins.
Preloading 0 native plugins for Editor in 0.00 ms.
Mono: successfully reloaded assembly
- Completed reload, in  1.120 seconds
Platform modules already initialized, skipping
Refreshing native plugins compatible for Editor in 0.40 ms, found 1 plugins.
Preloading 0 native plugins for Editor in 0.00 ms.
Unloading 1823 Unused Serialized files (Serialized files now loaded: 0)
System memory in use before: 162.4 MB.
System memory in use after: 162.4 MB.

Unloading 13 unused Assets to reduce memory usage. Loaded Objects now: 2326.
Total: 2.432200 ms (FindLiveObjects: 0.226700 ms CreateObjectMapping: 0.070900 ms MarkObjects: 2.003800 ms  DeleteObjects: 0.128800 ms)

========================================================================
Received Prepare
Registering precompiled user dll's ...
Registered in 0.001837 seconds.
Begin MonoManager ReloadAssembly
Native extension for WindowsStandalone target not found
Native extension for WebGL target not found
Refreshing native plugins compatible for Editor in 0.55 ms, found 1 plugins.
Preloading 0 native plugins for Editor in 0.00 ms.
Mono: successfully reloaded assembly
- Completed reload, in  1.475 seconds
Platform modules already initialized, skipping
Refreshing native plugins compatible for Editor in 1.15 ms, found 1 plugins.
Preloading 0 native plugins for Editor in 0.00 ms.
Unloading 1823 Unused Serialized files (Serialized files now loaded: 0)
System memory in use before: 162.4 MB.
System memory in use after: 162.4 MB.

Unloading 13 unused Assets to reduce memory usage. Loaded Objects now: 2330.
Total: 6.000500 ms (FindLiveObjects: 0.445300 ms CreateObjectMapping: 0.202700 ms MarkObjects: 4.904200 ms  DeleteObjects: 0.444700 ms)

========================================================================
Received Prepare
Registering precompiled user dll's ...
Registered in 0.001273 seconds.
Begin MonoManager ReloadAssembly
Native extension for WindowsStandalone target not found
Native extension for WebGL target not found
Refreshing native plugins compatible for Editor in 0.60 ms, found 1 plugins.
Preloading 0 native plugins for Editor in 0.00 ms.
Mono: successfully reloaded assembly
- Completed reload, in  1.206 seconds
Platform modules already initialized, skipping
Refreshing native plugins compatible for Editor in 0.49 ms, found 1 plugins.
Preloading 0 native plugins for Editor in 0.00 ms.
Unloading 1823 Unused Serialized files (Serialized files now loaded: 0)
System memory in use before: 162.5 MB.
System memory in use after: 162.4 MB.

Unloading 13 unused Assets to reduce memory usage. Loaded Objects now: 2334.
Total: 2.899100 ms (FindLiveObjects: 0.240100 ms CreateObjectMapping: 0.104900 ms MarkObjects: 2.391100 ms  DeleteObjects: 0.161400 ms)

========================================================================
Received Import Request.
  Time since last request: 917.591458 seconds.
  path: Assets/Resources/Sprites/UI/menumanual.png
  artifactKey: Guid(34e1cf67711e8b947b8091bc6290c292) Importer(815301076,1909f56bfc062723c751e8b465ee728b)
Start importing Assets/Resources/Sprites/UI/menumanual.png using Guid(34e1cf67711e8b947b8091bc6290c292) Importer(815301076,1909f56bfc062723c751e8b465ee728b)  -> (artifact id: '235f94af521a68c91ae1de943ad6d274') in 0.110375 seconds
  Import took 0.115326 seconds .

========================================================================
Received Import Request.
  Time since last request: 2.641335 seconds.
  path: Assets/TextMesh Pro/Sprites/EmojiOne.png
  artifactKey: Guid(dffef66376be4fa480fb02b19edbe903) Importer(815301076,1909f56bfc062723c751e8b465ee728b)
Start importing Assets/TextMesh Pro/Sprites/EmojiOne.png using Guid(dffef66376be4fa480fb02b19edbe903) Importer(815301076,1909f56bfc062723c751e8b465ee728b)  -> (artifact id: '5d35e6f40e6268e10f5bd4efe4268250') in 0.047944 seconds
  Import took 0.052979 seconds .

========================================================================
Received Import Request.
  Time since last request: 0.929800 seconds.
  path: Assets/Resources/Prefabs/UI/MainMenu.prefab
  artifactKey: Guid(9f30e157d360e2d48a44628d8c9320c8) Importer(815301076,1909f56bfc062723c751e8b465ee728b)
Start importing Assets/Resources/Prefabs/UI/MainMenu.prefab using Guid(9f30e157d360e2d48a44628d8c9320c8) Importer(815301076,1909f56bfc062723c751e8b465ee728b)  -> (artifact id: '04ca1e2f9337af4d3ed6bf9fa239ed69') in 0.101052 seconds
  Import took 0.107135 seconds .

========================================================================
Received Import Request.
  Time since last request: 8.065148 seconds.
  path: Assets/Resources/Sprites/UI/menumanual.png
  artifactKey: Guid(34e1cf67711e8b947b8091bc6290c292) Importer(815301076,1909f56bfc062723c751e8b465ee728b)
Start importing Assets/Resources/Sprites/UI/menumanual.png using Guid(34e1cf67711e8b947b8091bc6290c292) Importer(815301076,1909f56bfc062723c751e8b465ee728b)  -> (artifact id: '8a7454e1a54457c3c5f5ac3361773236') in 0.017947 seconds
  Import took 0.022473 seconds .

========================================================================
Received Import Request.
  Time since last request: 0.003843 seconds.
  path: Assets/Resources/Sprites/UI/menumanual.png
  artifactKey: Guid(34e1cf67711e8b947b8091bc6290c292) Importer(815301076,1909f56bfc062723c751e8b465ee728b)
Start importing Assets/Resources/Sprites/UI/menumanual.png using Guid(34e1cf67711e8b947b8091bc6290c292) Importer(815301076,1909f56bfc062723c751e8b465ee728b)  -> (artifact id: '8a7454e1a54457c3c5f5ac3361773236') in 0.029980 seconds
  Import took 0.039695 seconds .

========================================================================
Received Import Request.
  Time since last request: 5.956682 seconds.
  path: Assets/Resources/Sprites/UI/menumanual.png
  artifactKey: Guid(34e1cf67711e8b947b8091bc6290c292) Importer(815301076,1909f56bfc062723c751e8b465ee728b)
Start importing Assets/Resources/Sprites/UI/menumanual.png using Guid(34e1cf67711e8b947b8091bc6290c292) Importer(815301076,1909f56bfc062723c751e8b465ee728b)  -> (artifact id: 'abbcc25007b3e14e618d04eacb78051d') in 0.014867 seconds
  Import took 0.019735 seconds .

========================================================================
Received Import Request.
  Time since last request: 0.003206 seconds.
  path: Assets/Resources/Sprites/UI/menumanual.png
  artifactKey: Guid(34e1cf67711e8b947b8091bc6290c292) Importer(815301076,1909f56bfc062723c751e8b465ee728b)
Start importing Assets/Resources/Sprites/UI/menumanual.png using Guid(34e1cf67711e8b947b8091bc6290c292) Importer(815301076,1909f56bfc062723c751e8b465ee728b)  -> (artifact id: 'abbcc25007b3e14e618d04eacb78051d') in 0.015574 seconds
  Import took 0.023294 seconds .

========================================================================
Received Import Request.
  Time since last request: 7.025783 seconds.
  path: Assets/Resources/Sprites/UI/menumanual.png
  artifactKey: Guid(34e1cf67711e8b947b8091bc6290c292) Importer(815301076,1909f56bfc062723c751e8b465ee728b)
Start importing Assets/Resources/Sprites/UI/menumanual.png using Guid(34e1cf67711e8b947b8091bc6290c292) Importer(815301076,1909f56bfc062723c751e8b465ee728b)  -> (artifact id: 'b45d8d88a3e2bfa8df16b4f2b7a46d20') in 0.014775 seconds
  Import took 0.019012 seconds .

========================================================================
Received Import Request.
  Time since last request: 0.004801 seconds.
  path: Assets/Resources/Sprites/UI/menumanual.png
  artifactKey: Guid(34e1cf67711e8b947b8091bc6290c292) Importer(815301076,1909f56bfc062723c751e8b465ee728b)
Start importing Assets/Resources/Sprites/UI/menumanual.png using Guid(34e1cf67711e8b947b8091bc6290c292) Importer(815301076,1909f56bfc062723c751e8b465ee728b)  -> (artifact id: 'b45d8d88a3e2bfa8df16b4f2b7a46d20') in 0.019916 seconds
  Import took 0.025041 seconds .

========================================================================
Received Import Request.
  Time since last request: 3.732583 seconds.
  path: Assets/Resources/Sprites/UI/menumanual.png
  artifactKey: Guid(34e1cf67711e8b947b8091bc6290c292) Importer(815301076,1909f56bfc062723c751e8b465ee728b)
Start importing Assets/Resources/Sprites/UI/menumanual.png using Guid(34e1cf67711e8b947b8091bc6290c292) Importer(815301076,1909f56bfc062723c751e8b465ee728b)  -> (artifact id: 'a844947e4ea3edf5063f503d76363485') in 0.017740 seconds
  Import took 0.025894 seconds .

========================================================================
Received Import Request.
  Time since last request: 0.005594 seconds.
  path: Assets/Resources/Sprites/UI/menumanual.png
  artifactKey: Guid(34e1cf67711e8b947b8091bc6290c292) Importer(815301076,1909f56bfc062723c751e8b465ee728b)
Start importing Assets/Resources/Sprites/UI/menumanual.png using Guid(34e1cf67711e8b947b8091bc6290c292) Importer(815301076,1909f56bfc062723c751e8b465ee728b)  -> (artifact id: 'a844947e4ea3edf5063f503d76363485') in 0.013806 seconds
  Import took 0.026142 seconds .

========================================================================
Received Import Request.
  Time since last request: 6.538919 seconds.
  path: Assets/Resources/Sprites/UI/menumanual.png
  artifactKey: Guid(34e1cf67711e8b947b8091bc6290c292) Importer(815301076,1909f56bfc062723c751e8b465ee728b)
Start importing Assets/Resources/Sprites/UI/menumanual.png using Guid(34e1cf67711e8b947b8091bc6290c292) Importer(815301076,1909f56bfc062723c751e8b465ee728b)  -> (artifact id: '11206cea75511d9525ded2a8cd2867ac') in 0.020900 seconds
  Import took 0.025559 seconds .

========================================================================
Received Import Request.
  Time since last request: 0.001287 seconds.
  path: Assets/Resources/Sprites/UI/menumanual.png
  artifactKey: Guid(34e1cf67711e8b947b8091bc6290c292) Importer(815301076,1909f56bfc062723c751e8b465ee728b)
Start importing Assets/Resources/Sprites/UI/menumanual.png using Guid(34e1cf67711e8b947b8091bc6290c292) Importer(815301076,1909f56bfc062723c751e8b465ee728b)  -> (artifact id: '11206cea75511d9525ded2a8cd2867ac') in 0.013478 seconds
  Import took 0.019905 seconds .

========================================================================
Received Import Request.
  Time since last request: 59.461995 seconds.
  path: Assets/Resources/Prefabs/UI/MainMenu.prefab
  artifactKey: Guid(9f30e157d360e2d48a44628d8c9320c8) Importer(815301076,1909f56bfc062723c751e8b465ee728b)
Start importing Assets/Resources/Prefabs/UI/MainMenu.prefab using Guid(9f30e157d360e2d48a44628d8c9320c8) Importer(815301076,1909f56bfc062723c751e8b465ee728b)  -> (artifact id: '311f1da100b75c8279b0cebdb0884817') in 0.020319 seconds
  Import took 0.030639 seconds .

========================================================================
Received Prepare
Registering precompiled user dll's ...
Registered in 0.001276 seconds.
Begin MonoManager ReloadAssembly
Native extension for WindowsStandalone target not found
Native extension for WebGL target not found
Refreshing native plugins compatible for Editor in 0.89 ms, found 1 plugins.
Preloading 0 native plugins for Editor in 0.00 ms.
Mono: successfully reloaded assembly
- Completed reload, in  1.273 seconds
Platform modules already initialized, skipping
Refreshing native plugins compatible for Editor in 0.78 ms, found 1 plugins.
Preloading 0 native plugins for Editor in 0.00 ms.
Unloading 1823 Unused Serialized files (Serialized files now loaded: 0)
System memory in use before: 162.5 MB.
System memory in use after: 162.5 MB.

Unloading 13 unused Assets to reduce memory usage. Loaded Objects now: 2341.
Total: 3.525000 ms (FindLiveObjects: 0.403000 ms CreateObjectMapping: 0.147300 ms MarkObjects: 2.821800 ms  DeleteObjects: 0.150900 ms)

========================================================================
Received Import Request.
  Time since last request: 26.953411 seconds.
  path: Assets/Resources/Prefabs/UI/MainMenu.prefab
  artifactKey: Guid(9f30e157d360e2d48a44628d8c9320c8) Importer(815301076,1909f56bfc062723c751e8b465ee728b)
Start importing Assets/Resources/Prefabs/UI/MainMenu.prefab using Guid(9f30e157d360e2d48a44628d8c9320c8) Importer(815301076,1909f56bfc062723c751e8b465ee728b)  -> (artifact id: 'a5c094fa82f699b73e8e010af17d4845') in 0.147010 seconds
  Import took 0.191113 seconds .

========================================================================
Received Import Request.
  Time since last request: 64.964263 seconds.
  path: Assets/Resources/Prefabs/UI/MainMenu.prefab
  artifactKey: Guid(9f30e157d360e2d48a44628d8c9320c8) Importer(815301076,1909f56bfc062723c751e8b465ee728b)
Start importing Assets/Resources/Prefabs/UI/MainMenu.prefab using Guid(9f30e157d360e2d48a44628d8c9320c8) Importer(815301076,1909f56bfc062723c751e8b465ee728b)  -> (artifact id: '5b51a87c636193c83b0a93bdb02190e1') in 0.023477 seconds
  Import took 0.030495 seconds .

========================================================================
Received Prepare
Registering precompiled user dll's ...
Registered in 0.001321 seconds.
Begin MonoManager ReloadAssembly
Native extension for WindowsStandalone target not found
Native extension for WebGL target not found
Refreshing native plugins compatible for Editor in 0.53 ms, found 1 plugins.
Preloading 0 native plugins for Editor in 0.00 ms.
Mono: successfully reloaded assembly
- Completed reload, in  1.413 seconds
Platform modules already initialized, skipping
Refreshing native plugins compatible for Editor in 0.62 ms, found 1 plugins.
Preloading 0 native plugins for Editor in 0.00 ms.
Unloading 1823 Unused Serialized files (Serialized files now loaded: 0)
System memory in use before: 162.5 MB.
System memory in use after: 162.5 MB.

Unloading 13 unused Assets to reduce memory usage. Loaded Objects now: 2345.
Total: 14.568200 ms (FindLiveObjects: 1.304200 ms CreateObjectMapping: 0.573200 ms MarkObjects: 12.418000 ms  DeleteObjects: 0.269800 ms)

========================================================================
Received Import Request.
  Time since last request: 37.105906 seconds.
  path: Assets/Resources/Prefabs/UI/MainMenu.prefab
  artifactKey: Guid(9f30e157d360e2d48a44628d8c9320c8) Importer(815301076,1909f56bfc062723c751e8b465ee728b)
Start importing Assets/Resources/Prefabs/UI/MainMenu.prefab using Guid(9f30e157d360e2d48a44628d8c9320c8) Importer(815301076,1909f56bfc062723c751e8b465ee728b)  -> (artifact id: 'eb7eb215c3bcb02504352bfdd1744007') in 0.104540 seconds
  Import took 0.109088 seconds .

========================================================================
Received Prepare
Registering precompiled user dll's ...
Registered in 0.001376 seconds.
Begin MonoManager ReloadAssembly
Native extension for WindowsStandalone target not found
Native extension for WebGL target not found
Refreshing native plugins compatible for Editor in 0.57 ms, found 1 plugins.
Preloading 0 native plugins for Editor in 0.00 ms.
Mono: successfully reloaded assembly
- Completed reload, in  1.414 seconds
Platform modules already initialized, skipping
Refreshing native plugins compatible for Editor in 0.40 ms, found 1 plugins.
Preloading 0 native plugins for Editor in 0.00 ms.
Unloading 1823 Unused Serialized files (Serialized files now loaded: 0)
System memory in use before: 162.5 MB.
System memory in use after: 162.5 MB.

Unloading 13 unused Assets to reduce memory usage. Loaded Objects now: 2349.
Total: 2.362600 ms (FindLiveObjects: 0.213400 ms CreateObjectMapping: 0.079300 ms MarkObjects: 1.942400 ms  DeleteObjects: 0.126000 ms)

========================================================================
Received Import Request.
  Time since last request: 32.756348 seconds.
  path: Assets/Resources/Prefabs/UI/MainMenu.prefab
  artifactKey: Guid(9f30e157d360e2d48a44628d8c9320c8) Importer(815301076,1909f56bfc062723c751e8b465ee728b)
Start importing Assets/Resources/Prefabs/UI/MainMenu.prefab using Guid(9f30e157d360e2d48a44628d8c9320c8) Importer(815301076,1909f56bfc062723c751e8b465ee728b)  -> (artifact id: 'e9ec5d4dfff0ba97be0c6c60f5d7ed4e') in 0.106883 seconds
  Import took 0.112679 seconds .

========================================================================
Received Import Request.
  Time since last request: 0.198288 seconds.
  path: Assets/Resources/Prefabs/UI/MainMenu.prefab
  artifactKey: Guid(9f30e157d360e2d48a44628d8c9320c8) Importer(815301076,1909f56bfc062723c751e8b465ee728b)
Start importing Assets/Resources/Prefabs/UI/MainMenu.prefab using Guid(9f30e157d360e2d48a44628d8c9320c8) Importer(815301076,1909f56bfc062723c751e8b465ee728b)  -> (artifact id: 'e9ec5d4dfff0ba97be0c6c60f5d7ed4e') in 0.020293 seconds
  Import took 0.026946 seconds .

========================================================================
Received Prepare
Registering precompiled user dll's ...
Registered in 0.002426 seconds.
Begin MonoManager ReloadAssembly
Native extension for WindowsStandalone target not found
Native extension for WebGL target not found
Refreshing native plugins compatible for Editor in 1.03 ms, found 1 plugins.
Preloading 0 native plugins for Editor in 0.00 ms.
Mono: successfully reloaded assembly
- Completed reload, in  2.369 seconds
Platform modules already initialized, skipping
Refreshing native plugins compatible for Editor in 0.49 ms, found 1 plugins.
Preloading 0 native plugins for Editor in 0.00 ms.
Unloading 1823 Unused Serialized files (Serialized files now loaded: 0)
System memory in use before: 162.5 MB.
System memory in use after: 162.5 MB.

Unloading 13 unused Assets to reduce memory usage. Loaded Objects now: 2353.
Total: 3.274800 ms (FindLiveObjects: 0.287900 ms CreateObjectMapping: 0.163000 ms MarkObjects: 2.627900 ms  DeleteObjects: 0.193600 ms)

========================================================================
Received Prepare
Registering precompiled user dll's ...
Registered in 0.001453 seconds.
Begin MonoManager ReloadAssembly
Native extension for WindowsStandalone target not found
Native extension for WebGL target not found
Refreshing native plugins compatible for Editor in 0.41 ms, found 1 plugins.
Preloading 0 native plugins for Editor in 0.00 ms.
Mono: successfully reloaded assembly
- Completed reload, in  1.145 seconds
Platform modules already initialized, skipping
Refreshing native plugins compatible for Editor in 0.55 ms, found 1 plugins.
Preloading 0 native plugins for Editor in 0.00 ms.
Unloading 1823 Unused Serialized files (Serialized files now loaded: 0)
System memory in use before: 162.5 MB.
System memory in use after: 162.5 MB.

Unloading 13 unused Assets to reduce memory usage. Loaded Objects now: 2357.
Total: 3.791800 ms (FindLiveObjects: 0.475000 ms CreateObjectMapping: 0.167000 ms MarkObjects: 2.991400 ms  DeleteObjects: 0.156200 ms)

========================================================================
Received Prepare
Registering precompiled user dll's ...
Registered in 0.001099 seconds.
Begin MonoManager ReloadAssembly
Native extension for WindowsStandalone target not found
Native extension for WebGL target not found
Refreshing native plugins compatible for Editor in 0.45 ms, found 1 plugins.
Preloading 0 native plugins for Editor in 0.00 ms.
Mono: successfully reloaded assembly
- Completed reload, in  1.030 seconds
Platform modules already initialized, skipping
Refreshing native plugins compatible for Editor in 0.43 ms, found 1 plugins.
Preloading 0 native plugins for Editor in 0.00 ms.
Unloading 1823 Unused Serialized files (Serialized files now loaded: 0)
System memory in use before: 162.5 MB.
System memory in use after: 162.5 MB.

Unloading 13 unused Assets to reduce memory usage. Loaded Objects now: 2361.
Total: 2.979400 ms (FindLiveObjects: 0.250500 ms CreateObjectMapping: 0.136100 ms MarkObjects: 2.412700 ms  DeleteObjects: 0.177800 ms)

========================================================================
Received Import Request.
  Time since last request: 1320.069467 seconds.
  path: Assets/Resources/Prefabs/UI/PauseMenu.prefab
  artifactKey: Guid(ff473c09b58dd0d48ab8ab2f2ee19f38) Importer(815301076,1909f56bfc062723c751e8b465ee728b)
Start importing Assets/Resources/Prefabs/UI/PauseMenu.prefab using Guid(ff473c09b58dd0d48ab8ab2f2ee19f38) Importer(815301076,1909f56bfc062723c751e8b465ee728b)  -> (artifact id: '666bfe0ff2fa9ce082d321261612aa88') in 0.074499 seconds
  Import took 0.080628 seconds .

========================================================================
Received Import Request.
  Time since last request: 9.153794 seconds.
  path: Assets/Resources/Prefabs/UI/PauseMenu.prefab
  artifactKey: Guid(ff473c09b58dd0d48ab8ab2f2ee19f38) Importer(815301076,1909f56bfc062723c751e8b465ee728b)
Start importing Assets/Resources/Prefabs/UI/PauseMenu.prefab using Guid(ff473c09b58dd0d48ab8ab2f2ee19f38) Importer(815301076,1909f56bfc062723c751e8b465ee728b)  -> (artifact id: '22dc748791e97ead91f381826a36c158') in 0.016233 seconds
  Import took 0.023592 seconds .

========================================================================
Received Import Request.
  Time since last request: 110.587272 seconds.
  path: Assets/Resources/Sprites/UI/manulpause.png
  artifactKey: Guid(8ab76bcd7ead40448806ea0e3fe8d7e3) Importer(815301076,1909f56bfc062723c751e8b465ee728b)
Start importing Assets/Resources/Sprites/UI/manulpause.png using Guid(8ab76bcd7ead40448806ea0e3fe8d7e3) Importer(815301076,1909f56bfc062723c751e8b465ee728b)  -> (artifact id: '89e97bcd487fefe7243362408b816086') in 0.054910 seconds
  Import took 0.058761 seconds .

========================================================================
Received Import Request.
  Time since last request: 8.685749 seconds.
  path: Assets/Resources/Sprites/UI/manulpause.png
  artifactKey: Guid(8ab76bcd7ead40448806ea0e3fe8d7e3) Importer(815301076,1909f56bfc062723c751e8b465ee728b)
Start importing Assets/Resources/Sprites/UI/manulpause.png using Guid(8ab76bcd7ead40448806ea0e3fe8d7e3) Importer(815301076,1909f56bfc062723c751e8b465ee728b)  -> (artifact id: '102eb7ca38ac28fa857172cd83662bb2') in 0.014731 seconds
  Import took 0.020309 seconds .

========================================================================
Received Prepare
Registering precompiled user dll's ...
Registered in 0.001742 seconds.
Begin MonoManager ReloadAssembly
Native extension for WindowsStandalone target not found
Native extension for WebGL target not found
Refreshing native plugins compatible for Editor in 0.44 ms, found 1 plugins.
Preloading 0 native plugins for Editor in 0.00 ms.
Mono: successfully reloaded assembly
- Completed reload, in  1.184 seconds
Platform modules already initialized, skipping
Refreshing native plugins compatible for Editor in 0.40 ms, found 1 plugins.
Preloading 0 native plugins for Editor in 0.00 ms.
Unloading 1823 Unused Serialized files (Serialized files now loaded: 0)
System memory in use before: 162.6 MB.
System memory in use after: 162.5 MB.

Unloading 13 unused Assets to reduce memory usage. Loaded Objects now: 2368.
Total: 8.023000 ms (FindLiveObjects: 1.164700 ms CreateObjectMapping: 2.026800 ms MarkObjects: 4.668300 ms  DeleteObjects: 0.160900 ms)

========================================================================
Received Import Request.
  Time since last request: 222.160987 seconds.
  path: Assets/Resources/Prefabs/UI/PauseMenu.prefab
  artifactKey: Guid(ff473c09b58dd0d48ab8ab2f2ee19f38) Importer(815301076,1909f56bfc062723c751e8b465ee728b)
Start importing Assets/Resources/Prefabs/UI/PauseMenu.prefab using Guid(ff473c09b58dd0d48ab8ab2f2ee19f38) Importer(815301076,1909f56bfc062723c751e8b465ee728b)  -> (artifact id: 'a8a8af2eb2dd557ff03cad860568a71d') in 0.070197 seconds
  Import took 0.074030 seconds .

========================================================================
Received Import Request.
  Time since last request: 8.439817 seconds.
  path: Assets/Resources/Prefabs/UI/PauseMenu.prefab
  artifactKey: Guid(ff473c09b58dd0d48ab8ab2f2ee19f38) Importer(815301076,1909f56bfc062723c751e8b465ee728b)
Start importing Assets/Resources/Prefabs/UI/PauseMenu.prefab using Guid(ff473c09b58dd0d48ab8ab2f2ee19f38) Importer(815301076,1909f56bfc062723c751e8b465ee728b)  -> (artifact id: 'c0a1ebe3788e217d93d6f16695811e62') in 0.023643 seconds
  Import took 0.031234 seconds .

========================================================================
Received Import Request.
  Time since last request: 5.606646 seconds.
  path: Assets/Resources/Prefabs/UI/PauseMenu.prefab
  artifactKey: Guid(ff473c09b58dd0d48ab8ab2f2ee19f38) Importer(815301076,1909f56bfc062723c751e8b465ee728b)
Start importing Assets/Resources/Prefabs/UI/PauseMenu.prefab using Guid(ff473c09b58dd0d48ab8ab2f2ee19f38) Importer(815301076,1909f56bfc062723c751e8b465ee728b)  -> (artifact id: 'ff9de15bdee37a994aae10eb924c9ef5') in 0.021218 seconds
  Import took 0.027136 seconds .

========================================================================
Received Import Request.
  Time since last request: 5.529663 seconds.
  path: Assets/Resources/Prefabs/UI/PauseMenu.prefab
  artifactKey: Guid(ff473c09b58dd0d48ab8ab2f2ee19f38) Importer(815301076,1909f56bfc062723c751e8b465ee728b)
Start importing Assets/Resources/Prefabs/UI/PauseMenu.prefab using Guid(ff473c09b58dd0d48ab8ab2f2ee19f38) Importer(815301076,1909f56bfc062723c751e8b465ee728b)  -> (artifact id: 'f9faf829d0a7ac251c6649ffbc53c6b8') in 0.018850 seconds
  Import took 0.023477 seconds .

========================================================================
Received Prepare
Registering precompiled user dll's ...
Registered in 0.003090 seconds.
Begin MonoManager ReloadAssembly
Native extension for WindowsStandalone target not found
Native extension for WebGL target not found
Refreshing native plugins compatible for Editor in 0.45 ms, found 1 plugins.
Preloading 0 native plugins for Editor in 0.00 ms.
Mono: successfully reloaded assembly
- Completed reload, in  0.999 seconds
Platform modules already initialized, skipping
Refreshing native plugins compatible for Editor in 0.39 ms, found 1 plugins.
Preloading 0 native plugins for Editor in 0.00 ms.
Unloading 1823 Unused Serialized files (Serialized files now loaded: 0)
System memory in use before: 162.6 MB.
System memory in use after: 162.6 MB.

Unloading 13 unused Assets to reduce memory usage. Loaded Objects now: 2372.
Total: 3.346600 ms (FindLiveObjects: 0.600600 ms CreateObjectMapping: 0.184600 ms MarkObjects: 2.348200 ms  DeleteObjects: 0.207400 ms)

========================================================================
Received Import Request.
  Time since last request: 490.847801 seconds.
  path: Assets/Scenes/Game.unity
  artifactKey: Guid(2cda990e2423bbf4892e6590ba056729) Importer(815301076,1909f56bfc062723c751e8b465ee728b)
Start importing Assets/Scenes/Game.unity using Guid(2cda990e2423bbf4892e6590ba056729) Importer(815301076,1909f56bfc062723c751e8b465ee728b)  -> (artifact id: '63d52cc10f589bdf5da1d6983216189b') in 0.018080 seconds
  Import took 0.022398 seconds .

========================================================================
Received Import Request.
  Time since last request: 0.007673 seconds.
  path: Assets/Scenes/Game.unity
  artifactKey: Guid(2cda990e2423bbf4892e6590ba056729) Importer(815301076,1909f56bfc062723c751e8b465ee728b)
Start importing Assets/Scenes/Game.unity using Guid(2cda990e2423bbf4892e6590ba056729) Importer(815301076,1909f56bfc062723c751e8b465ee728b)  -> (artifact id: '63d52cc10f589bdf5da1d6983216189b') in 0.002996 seconds
  Import took 0.007668 seconds .

